{"/workspaces/2025-ITCS383-JITNONGNOOONG/implementations/src/backend/middleware/auth.js": {"path":"/workspaces/2025-ITCS383-JITNONGNOOONG/implementations/src/backend/middleware/auth.js","statementMap":{"0":{"start":{"line":12,"column":2},"end":{"line":14,"column":3}},"1":{"start":{"line":13,"column":4},"end":{"line":13,"column":69}},"2":{"start":{"line":15,"column":2},"end":{"line":15,"column":9}},"3":{"start":{"line":26,"column":2},"end":{"line":35,"column":4}},"4":{"start":{"line":27,"column":4},"end":{"line":29,"column":5}},"5":{"start":{"line":28,"column":6},"end":{"line":28,"column":71}},"6":{"start":{"line":30,"column":21},"end":{"line":30,"column":68}},"7":{"start":{"line":31,"column":4},"end":{"line":33,"column":5}},"8":{"start":{"line":31,"column":24},"end":{"line":31,"column":39}},"9":{"start":{"line":32,"column":6},"end":{"line":32,"column":69}},"10":{"start":{"line":34,"column":4},"end":{"line":34,"column":11}},"11":{"start":{"line":38,"column":0},"end":{"line":38,"column":46}}},"fnMap":{"0":{"name":"requireAuth","decl":{"start":{"line":11,"column":9},"end":{"line":11,"column":20}},"loc":{"start":{"line":11,"column":37},"end":{"line":16,"column":1}},"line":11},"1":{"name":"requireRole","decl":{"start":{"line":25,"column":9},"end":{"line":25,"column":20}},"loc":{"start":{"line":25,"column":31},"end":{"line":36,"column":1}},"line":25},"2":{"name":"(anonymous_2)","decl":{"start":{"line":26,"column":9},"end":{"line":26,"column":10}},"loc":{"start":{"line":26,"column":29},"end":{"line":35,"column":3}},"line":26},"3":{"name":"(anonymous_3)","decl":{"start":{"line":31,"column":19},"end":{"line":31,"column":20}},"loc":{"start":{"line":31,"column":24},"end":{"line":31,"column":39}},"line":31}},"branchMap":{"0":{"loc":{"start":{"line":12,"column":2},"end":{"line":14,"column":3}},"type":"if","locations":[{"start":{"line":12,"column":2},"end":{"line":14,"column":3}},{"start":{},"end":{}}],"line":12},"1":{"loc":{"start":{"line":12,"column":6},"end":{"line":12,"column":39}},"type":"binary-expr","locations":[{"start":{"line":12,"column":6},"end":{"line":12,"column":18}},{"start":{"line":12,"column":22},"end":{"line":12,"column":39}}],"line":12},"2":{"loc":{"start":{"line":27,"column":4},"end":{"line":29,"column":5}},"type":"if","locations":[{"start":{"line":27,"column":4},"end":{"line":29,"column":5}},{"start":{},"end":{}}],"line":27},"3":{"loc":{"start":{"line":27,"column":8},"end":{"line":27,"column":41}},"type":"binary-expr","locations":[{"start":{"line":27,"column":8},"end":{"line":27,"column":20}},{"start":{"line":27,"column":24},"end":{"line":27,"column":41}}],"line":27},"4":{"loc":{"start":{"line":30,"column":22},"end":{"line":30,"column":53}},"type":"binary-expr","locations":[{"start":{"line":30,"column":22},"end":{"line":30,"column":47}},{"start":{"line":30,"column":51},"end":{"line":30,"column":53}}],"line":30},"5":{"loc":{"start":{"line":31,"column":4},"end":{"line":33,"column":5}},"type":"if","locations":[{"start":{"line":31,"column":4},"end":{"line":33,"column":5}},{"start":{},"end":{}}],"line":31}},"s":{"0":2,"1":1,"2":1,"3":2,"4":2,"5":0,"6":2,"7":2,"8":3,"9":1,"10":1,"11":1},"f":{"0":2,"1":2,"2":2,"3":3},"b":{"0":[1,1],"1":[2,1],"2":[0,2],"3":[2,2],"4":[2,0],"5":[1,1]},"_coverageSchema":"1a1c01bbd47fc00a2c39e90264f33305004495a9","hash":"1cfd980c5df5e2faf546faf65f5bea058bd96657"}
,"/workspaces/2025-ITCS383-JITNONGNOOONG/implementations/src/backend/routes/auth.js": {"path":"/workspaces/2025-ITCS383-JITNONGNOOONG/implementations/src/backend/routes/auth.js","statementMap":{"0":{"start":{"line":1,"column":15},"end":{"line":1,"column":42}},"1":{"start":{"line":2,"column":15},"end":{"line":2,"column":32}},"2":{"start":{"line":3,"column":15},"end":{"line":3,"column":38}},"3":{"start":{"line":7,"column":2},"end":{"line":9,"column":3}},"4":{"start":{"line":8,"column":4},"end":{"line":8,"column":69}},"5":{"start":{"line":10,"column":2},"end":{"line":10,"column":9}},"6":{"start":{"line":14,"column":0},"end":{"line":66,"column":3}},"7":{"start":{"line":15,"column":2},"end":{"line":65,"column":3}},"8":{"start":{"line":17,"column":23},"end":{"line":17,"column":72}},"9":{"start":{"line":18,"column":23},"end":{"line":18,"column":72}},"10":{"start":{"line":19,"column":23},"end":{"line":19,"column":48}},"11":{"start":{"line":20,"column":23},"end":{"line":20,"column":48}},"12":{"start":{"line":21,"column":23},"end":{"line":21,"column":72}},"13":{"start":{"line":22,"column":23},"end":{"line":22,"column":74}},"14":{"start":{"line":23,"column":23},"end":{"line":23,"column":50}},"15":{"start":{"line":25,"column":20},"end":{"line":25,"column":55}},"16":{"start":{"line":26,"column":20},"end":{"line":30,"column":5}},"17":{"start":{"line":31,"column":21},"end":{"line":31,"column":47}},"18":{"start":{"line":33,"column":4},"end":{"line":35,"column":5}},"19":{"start":{"line":34,"column":6},"end":{"line":34,"column":125}},"20":{"start":{"line":36,"column":4},"end":{"line":38,"column":5}},"21":{"start":{"line":37,"column":6},"end":{"line":37,"column":85}},"22":{"start":{"line":39,"column":4},"end":{"line":41,"column":5}},"23":{"start":{"line":40,"column":6},"end":{"line":40,"column":79}},"24":{"start":{"line":43,"column":17},"end":{"line":43,"column":48}},"25":{"start":{"line":44,"column":21},"end":{"line":48,"column":5}},"26":{"start":{"line":51,"column":4},"end":{"line":56,"column":6}},"27":{"start":{"line":58,"column":4},"end":{"line":58,"column":82}},"28":{"start":{"line":60,"column":4},"end":{"line":62,"column":5}},"29":{"start":{"line":61,"column":6},"end":{"line":61,"column":69}},"30":{"start":{"line":63,"column":4},"end":{"line":63,"column":23}},"31":{"start":{"line":64,"column":4},"end":{"line":64,"column":72}},"32":{"start":{"line":69,"column":0},"end":{"line":126,"column":3}},"33":{"start":{"line":70,"column":2},"end":{"line":125,"column":3}},"34":{"start":{"line":71,"column":32},"end":{"line":71,"column":40}},"35":{"start":{"line":72,"column":4},"end":{"line":74,"column":5}},"36":{"start":{"line":73,"column":6},"end":{"line":73,"column":76}},"37":{"start":{"line":75,"column":19},"end":{"line":77,"column":5}},"38":{"start":{"line":78,"column":4},"end":{"line":80,"column":5}},"39":{"start":{"line":79,"column":6},"end":{"line":79,"column":78}},"40":{"start":{"line":81,"column":17},"end":{"line":81,"column":24}},"41":{"start":{"line":84,"column":16},"end":{"line":84,"column":21}},"42":{"start":{"line":85,"column":23},"end":{"line":85,"column":96}},"43":{"start":{"line":86,"column":4},"end":{"line":91,"column":5}},"44":{"start":{"line":87,"column":6},"end":{"line":87,"column":65}},"45":{"start":{"line":90,"column":6},"end":{"line":90,"column":44}},"46":{"start":{"line":92,"column":4},"end":{"line":94,"column":5}},"47":{"start":{"line":93,"column":6},"end":{"line":93,"column":78}},"48":{"start":{"line":97,"column":4},"end":{"line":111,"column":6}},"49":{"start":{"line":114,"column":24},"end":{"line":119,"column":5}},"50":{"start":{"line":120,"column":21},"end":{"line":120,"column":69}},"51":{"start":{"line":121,"column":4},"end":{"line":121,"column":81}},"52":{"start":{"line":123,"column":4},"end":{"line":123,"column":23}},"53":{"start":{"line":124,"column":4},"end":{"line":124,"column":72}},"54":{"start":{"line":129,"column":0},"end":{"line":134,"column":3}},"55":{"start":{"line":130,"column":2},"end":{"line":133,"column":5}},"56":{"start":{"line":131,"column":4},"end":{"line":131,"column":35}},"57":{"start":{"line":132,"column":4},"end":{"line":132,"column":46}},"58":{"start":{"line":137,"column":0},"end":{"line":139,"column":3}},"59":{"start":{"line":138,"column":2},"end":{"line":138,"column":39}},"60":{"start":{"line":141,"column":0},"end":{"line":141,"column":24}}},"fnMap":{"0":{"name":"requireSession","decl":{"start":{"line":6,"column":9},"end":{"line":6,"column":23}},"loc":{"start":{"line":6,"column":40},"end":{"line":11,"column":1}},"line":6},"1":{"name":"(anonymous_1)","decl":{"start":{"line":14,"column":25},"end":{"line":14,"column":26}},"loc":{"start":{"line":14,"column":45},"end":{"line":66,"column":1}},"line":14},"2":{"name":"(anonymous_2)","decl":{"start":{"line":69,"column":22},"end":{"line":69,"column":23}},"loc":{"start":{"line":69,"column":42},"end":{"line":126,"column":1}},"line":69},"3":{"name":"(anonymous_3)","decl":{"start":{"line":129,"column":23},"end":{"line":129,"column":24}},"loc":{"start":{"line":129,"column":37},"end":{"line":134,"column":1}},"line":129},"4":{"name":"(anonymous_4)","decl":{"start":{"line":130,"column":22},"end":{"line":130,"column":23}},"loc":{"start":{"line":130,"column":28},"end":{"line":133,"column":3}},"line":130},"5":{"name":"(anonymous_5)","decl":{"start":{"line":137,"column":34},"end":{"line":137,"column":35}},"loc":{"start":{"line":137,"column":48},"end":{"line":139,"column":1}},"line":137}},"branchMap":{"0":{"loc":{"start":{"line":7,"column":2},"end":{"line":9,"column":3}},"type":"if","locations":[{"start":{"line":7,"column":2},"end":{"line":9,"column":3}},{"start":{},"end":{}}],"line":7},"1":{"loc":{"start":{"line":7,"column":6},"end":{"line":7,"column":39}},"type":"binary-expr","locations":[{"start":{"line":7,"column":6},"end":{"line":7,"column":18}},{"start":{"line":7,"column":22},"end":{"line":7,"column":39}}],"line":7},"2":{"loc":{"start":{"line":17,"column":23},"end":{"line":17,"column":72}},"type":"binary-expr","locations":[{"start":{"line":17,"column":23},"end":{"line":17,"column":41}},{"start":{"line":17,"column":46},"end":{"line":17,"column":65}},{"start":{"line":17,"column":70},"end":{"line":17,"column":72}}],"line":17},"3":{"loc":{"start":{"line":18,"column":23},"end":{"line":18,"column":72}},"type":"binary-expr","locations":[{"start":{"line":18,"column":23},"end":{"line":18,"column":40}},{"start":{"line":18,"column":46},"end":{"line":18,"column":64}},{"start":{"line":18,"column":70},"end":{"line":18,"column":72}}],"line":18},"4":{"loc":{"start":{"line":19,"column":23},"end":{"line":19,"column":48}},"type":"binary-expr","locations":[{"start":{"line":19,"column":23},"end":{"line":19,"column":37}},{"start":{"line":19,"column":46},"end":{"line":19,"column":48}}],"line":19},"5":{"loc":{"start":{"line":20,"column":23},"end":{"line":20,"column":48}},"type":"binary-expr","locations":[{"start":{"line":20,"column":23},"end":{"line":20,"column":40}},{"start":{"line":20,"column":46},"end":{"line":20,"column":48}}],"line":20},"6":{"loc":{"start":{"line":21,"column":23},"end":{"line":21,"column":72}},"type":"binary-expr","locations":[{"start":{"line":21,"column":23},"end":{"line":21,"column":42}},{"start":{"line":21,"column":46},"end":{"line":21,"column":64}},{"start":{"line":21,"column":70},"end":{"line":21,"column":72}}],"line":21},"7":{"loc":{"start":{"line":22,"column":23},"end":{"line":22,"column":74}},"type":"binary-expr","locations":[{"start":{"line":22,"column":23},"end":{"line":22,"column":37}},{"start":{"line":22,"column":46},"end":{"line":22,"column":64}},{"start":{"line":22,"column":70},"end":{"line":22,"column":74}}],"line":22},"8":{"loc":{"start":{"line":23,"column":23},"end":{"line":23,"column":50}},"type":"binary-expr","locations":[{"start":{"line":23,"column":23},"end":{"line":23,"column":39}},{"start":{"line":23,"column":46},"end":{"line":23,"column":50}}],"line":23},"9":{"loc":{"start":{"line":25,"column":21},"end":{"line":25,"column":40}},"type":"binary-expr","locations":[{"start":{"line":25,"column":21},"end":{"line":25,"column":34}},{"start":{"line":25,"column":38},"end":{"line":25,"column":40}}],"line":25},"10":{"loc":{"start":{"line":31,"column":21},"end":{"line":31,"column":47}},"type":"binary-expr","locations":[{"start":{"line":31,"column":21},"end":{"line":31,"column":37}},{"start":{"line":31,"column":41},"end":{"line":31,"column":47}}],"line":31},"11":{"loc":{"start":{"line":33,"column":4},"end":{"line":35,"column":5}},"type":"if","locations":[{"start":{"line":33,"column":4},"end":{"line":35,"column":5}},{"start":{},"end":{}}],"line":33},"12":{"loc":{"start":{"line":33,"column":8},"end":{"line":33,"column":69}},"type":"binary-expr","locations":[{"start":{"line":33,"column":8},"end":{"line":33,"column":18}},{"start":{"line":33,"column":22},"end":{"line":33,"column":31}},{"start":{"line":33,"column":35},"end":{"line":33,"column":41}},{"start":{"line":33,"column":45},"end":{"line":33,"column":54}},{"start":{"line":33,"column":58},"end":{"line":33,"column":69}}],"line":33},"13":{"loc":{"start":{"line":36,"column":4},"end":{"line":38,"column":5}},"type":"if","locations":[{"start":{"line":36,"column":4},"end":{"line":38,"column":5}},{"start":{},"end":{}}],"line":36},"14":{"loc":{"start":{"line":39,"column":4},"end":{"line":41,"column":5}},"type":"if","locations":[{"start":{"line":39,"column":4},"end":{"line":41,"column":5}},{"start":{},"end":{}}],"line":39},"15":{"loc":{"start":{"line":47,"column":53},"end":{"line":47,"column":66}},"type":"binary-expr","locations":[{"start":{"line":47,"column":53},"end":{"line":47,"column":58}},{"start":{"line":47,"column":62},"end":{"line":47,"column":66}}],"line":47},"16":{"loc":{"start":{"line":47,"column":68},"end":{"line":47,"column":83}},"type":"binary-expr","locations":[{"start":{"line":47,"column":68},"end":{"line":47,"column":75}},{"start":{"line":47,"column":79},"end":{"line":47,"column":83}}],"line":47},"17":{"loc":{"start":{"line":60,"column":4},"end":{"line":62,"column":5}},"type":"if","locations":[{"start":{"line":60,"column":4},"end":{"line":62,"column":5}},{"start":{},"end":{}}],"line":60},"18":{"loc":{"start":{"line":72,"column":4},"end":{"line":74,"column":5}},"type":"if","locations":[{"start":{"line":72,"column":4},"end":{"line":74,"column":5}},{"start":{},"end":{}}],"line":72},"19":{"loc":{"start":{"line":72,"column":8},"end":{"line":72,"column":27}},"type":"binary-expr","locations":[{"start":{"line":72,"column":8},"end":{"line":72,"column":14}},{"start":{"line":72,"column":18},"end":{"line":72,"column":27}}],"line":72},"20":{"loc":{"start":{"line":78,"column":4},"end":{"line":80,"column":5}},"type":"if","locations":[{"start":{"line":78,"column":4},"end":{"line":80,"column":5}},{"start":{},"end":{}}],"line":78},"21":{"loc":{"start":{"line":85,"column":23},"end":{"line":85,"column":96}},"type":"binary-expr","locations":[{"start":{"line":85,"column":23},"end":{"line":85,"column":60}},{"start":{"line":85,"column":64},"end":{"line":85,"column":96}}],"line":85},"22":{"loc":{"start":{"line":86,"column":4},"end":{"line":91,"column":5}},"type":"if","locations":[{"start":{"line":86,"column":4},"end":{"line":91,"column":5}},{"start":{"line":88,"column":11},"end":{"line":91,"column":5}}],"line":86},"23":{"loc":{"start":{"line":92,"column":4},"end":{"line":94,"column":5}},"type":"if","locations":[{"start":{"line":92,"column":4},"end":{"line":94,"column":5}},{"start":{},"end":{}}],"line":92},"24":{"loc":{"start":{"line":120,"column":21},"end":{"line":120,"column":69}},"type":"binary-expr","locations":[{"start":{"line":120,"column":21},"end":{"line":120,"column":47}},{"start":{"line":120,"column":51},"end":{"line":120,"column":69}}],"line":120}},"s":{"0":1,"1":0,"2":0,"3":0,"4":0,"5":0,"6":0,"7":0,"8":0,"9":0,"10":0,"11":0,"12":0,"13":0,"14":0,"15":0,"16":0,"17":0,"18":0,"19":0,"20":0,"21":0,"22":0,"23":0,"24":0,"25":0,"26":0,"27":0,"28":0,"29":0,"30":0,"31":0,"32":0,"33":0,"34":0,"35":0,"36":0,"37":0,"38":0,"39":0,"40":0,"41":0,"42":0,"43":0,"44":0,"45":0,"46":0,"47":0,"48":0,"49":0,"50":0,"51":0,"52":0,"53":0,"54":0,"55":0,"56":0,"57":0,"58":0,"59":0,"60":0},"f":{"0":0,"1":0,"2":0,"3":0,"4":0,"5":0},"b":{"0":[0,0],"1":[0,0],"2":[0,0,0],"3":[0,0,0],"4":[0,0],"5":[0,0],"6":[0,0,0],"7":[0,0,0],"8":[0,0],"9":[0,0],"10":[0,0],"11":[0,0],"12":[0,0,0,0,0],"13":[0,0],"14":[0,0],"15":[0,0],"16":[0,0],"17":[0,0],"18":[0,0],"19":[0,0],"20":[0,0],"21":[0,0],"22":[0,0],"23":[0,0],"24":[0,0]},"_coverageSchema":"1a1c01bbd47fc00a2c39e90264f33305004495a9","hash":"a7e3cde232cf839f37a45d54aef59996c4abf109"}
,"/workspaces/2025-ITCS383-JITNONGNOOONG/implementations/src/backend/routes/dogs.js": {"path":"/workspaces/2025-ITCS383-JITNONGNOOONG/implementations/src/backend/routes/dogs.js","statementMap":{"0":{"start":{"line":1,"column":15},"end":{"line":1,"column":42}},"1":{"start":{"line":2,"column":15},"end":{"line":2,"column":32}},"2":{"start":{"line":3,"column":13},"end":{"line":3,"column":28}},"3":{"start":{"line":4,"column":11},"end":{"line":4,"column":34}},"4":{"start":{"line":5,"column":24},"end":{"line":5,"column":53}},"5":{"start":{"line":8,"column":16},"end":{"line":11,"column":2}},"6":{"start":{"line":9,"column":34},"end":{"line":9,"column":86}},"7":{"start":{"line":10,"column":34},"end":{"line":10,"column":80}},"8":{"start":{"line":12,"column":15},"end":{"line":12,"column":73}},"9":{"start":{"line":15,"column":20},"end":{"line":18,"column":2}},"10":{"start":{"line":22,"column":16},"end":{"line":22,"column":31}},"11":{"start":{"line":23,"column":16},"end":{"line":23,"column":57}},"12":{"start":{"line":24,"column":2},"end":{"line":24,"column":56}},"13":{"start":{"line":24,"column":25},"end":{"line":24,"column":56}},"14":{"start":{"line":25,"column":2},"end":{"line":25,"column":59}},"15":{"start":{"line":25,"column":26},"end":{"line":25,"column":59}},"16":{"start":{"line":26,"column":2},"end":{"line":26,"column":14}},"17":{"start":{"line":31,"column":2},"end":{"line":31,"column":50}},"18":{"start":{"line":35,"column":14},"end":{"line":35,"column":42}},"19":{"start":{"line":35,"column":19},"end":{"line":35,"column":42}},"20":{"start":{"line":36,"column":14},"end":{"line":36,"column":42}},"21":{"start":{"line":36,"column":19},"end":{"line":36,"column":42}},"22":{"start":{"line":39,"column":0},"end":{"line":59,"column":3}},"23":{"start":{"line":40,"column":2},"end":{"line":58,"column":3}},"24":{"start":{"line":41,"column":46},"end":{"line":41,"column":55}},"25":{"start":{"line":42,"column":14},"end":{"line":43,"column":82}},"26":{"start":{"line":44,"column":19},"end":{"line":44,"column":21}},"27":{"start":{"line":46,"column":4},"end":{"line":46,"column":77}},"28":{"start":{"line":46,"column":18},"end":{"line":46,"column":48}},"29":{"start":{"line":46,"column":49},"end":{"line":46,"column":75}},"30":{"start":{"line":47,"column":4},"end":{"line":47,"column":71}},"31":{"start":{"line":47,"column":18},"end":{"line":47,"column":44}},"32":{"start":{"line":47,"column":50},"end":{"line":47,"column":69}},"33":{"start":{"line":48,"column":4},"end":{"line":48,"column":86}},"34":{"start":{"line":48,"column":18},"end":{"line":48,"column":45}},"35":{"start":{"line":48,"column":50},"end":{"line":48,"column":84}},"36":{"start":{"line":49,"column":4},"end":{"line":50,"column":62}},"37":{"start":{"line":49,"column":18},"end":{"line":49,"column":69}},"38":{"start":{"line":50,"column":18},"end":{"line":50,"column":60}},"39":{"start":{"line":52,"column":4},"end":{"line":52,"column":41}},"40":{"start":{"line":53,"column":19},"end":{"line":53,"column":48}},"41":{"start":{"line":54,"column":4},"end":{"line":54,"column":44}},"42":{"start":{"line":56,"column":4},"end":{"line":56,"column":23}},"43":{"start":{"line":57,"column":4},"end":{"line":57,"column":56}},"44":{"start":{"line":62,"column":0},"end":{"line":75,"column":3}},"45":{"start":{"line":63,"column":2},"end":{"line":74,"column":3}},"46":{"start":{"line":64,"column":19},"end":{"line":68,"column":5}},"47":{"start":{"line":69,"column":4},"end":{"line":69,"column":77}},"48":{"start":{"line":69,"column":22},"end":{"line":69,"column":77}},"49":{"start":{"line":70,"column":4},"end":{"line":70,"column":42}},"50":{"start":{"line":72,"column":4},"end":{"line":72,"column":23}},"51":{"start":{"line":73,"column":4},"end":{"line":73,"column":56}},"52":{"start":{"line":78,"column":0},"end":{"line":107,"column":3}},"53":{"start":{"line":79,"column":2},"end":{"line":106,"column":3}},"54":{"start":{"line":80,"column":20},"end":{"line":80,"column":44}},"55":{"start":{"line":81,"column":4},"end":{"line":81,"column":101}},"56":{"start":{"line":81,"column":18},"end":{"line":81,"column":101}},"57":{"start":{"line":82,"column":95},"end":{"line":82,"column":103}},"58":{"start":{"line":84,"column":22},"end":{"line":84,"column":42}},"59":{"start":{"line":86,"column":21},"end":{"line":101,"column":5}},"60":{"start":{"line":102,"column":4},"end":{"line":102,"column":82}},"61":{"start":{"line":104,"column":4},"end":{"line":104,"column":23}},"62":{"start":{"line":105,"column":4},"end":{"line":105,"column":56}},"63":{"start":{"line":110,"column":0},"end":{"line":138,"column":3}},"64":{"start":{"line":111,"column":2},"end":{"line":137,"column":3}},"65":{"start":{"line":113,"column":76},"end":{"line":113,"column":84}},"66":{"start":{"line":114,"column":19},"end":{"line":114,"column":21}},"67":{"start":{"line":114,"column":32},"end":{"line":114,"column":34}},"68":{"start":{"line":116,"column":4},"end":{"line":116,"column":105}},"69":{"start":{"line":116,"column":44},"end":{"line":116,"column":71}},"70":{"start":{"line":116,"column":82},"end":{"line":116,"column":103}},"71":{"start":{"line":117,"column":4},"end":{"line":117,"column":124}},"72":{"start":{"line":117,"column":44},"end":{"line":117,"column":67}},"73":{"start":{"line":117,"column":82},"end":{"line":117,"column":122}},"74":{"start":{"line":118,"column":4},"end":{"line":118,"column":103}},"75":{"start":{"line":118,"column":44},"end":{"line":118,"column":69}},"76":{"start":{"line":118,"column":82},"end":{"line":118,"column":101}},"77":{"start":{"line":119,"column":4},"end":{"line":119,"column":118}},"78":{"start":{"line":119,"column":44},"end":{"line":119,"column":70}},"79":{"start":{"line":119,"column":82},"end":{"line":119,"column":116}},"80":{"start":{"line":120,"column":4},"end":{"line":120,"column":103}},"81":{"start":{"line":120,"column":44},"end":{"line":120,"column":69}},"82":{"start":{"line":120,"column":82},"end":{"line":120,"column":101}},"83":{"start":{"line":121,"column":4},"end":{"line":121,"column":113}},"84":{"start":{"line":121,"column":44},"end":{"line":121,"column":79}},"85":{"start":{"line":121,"column":82},"end":{"line":121,"column":111}},"86":{"start":{"line":122,"column":4},"end":{"line":122,"column":115}},"87":{"start":{"line":122,"column":44},"end":{"line":122,"column":81}},"88":{"start":{"line":122,"column":82},"end":{"line":122,"column":113}},"89":{"start":{"line":123,"column":4},"end":{"line":123,"column":113}},"90":{"start":{"line":123,"column":44},"end":{"line":123,"column":79}},"91":{"start":{"line":123,"column":82},"end":{"line":123,"column":111}},"92":{"start":{"line":124,"column":4},"end":{"line":124,"column":110}},"93":{"start":{"line":124,"column":44},"end":{"line":124,"column":73}},"94":{"start":{"line":124,"column":82},"end":{"line":124,"column":108}},"95":{"start":{"line":127,"column":21},"end":{"line":127,"column":41}},"96":{"start":{"line":128,"column":4},"end":{"line":128,"column":74}},"97":{"start":{"line":128,"column":20},"end":{"line":128,"column":49}},"98":{"start":{"line":128,"column":50},"end":{"line":128,"column":72}},"99":{"start":{"line":130,"column":4},"end":{"line":130,"column":95}},"100":{"start":{"line":130,"column":24},"end":{"line":130,"column":95}},"101":{"start":{"line":131,"column":4},"end":{"line":131,"column":31}},"102":{"start":{"line":132,"column":4},"end":{"line":132,"column":85}},"103":{"start":{"line":133,"column":4},"end":{"line":133,"column":48}},"104":{"start":{"line":135,"column":4},"end":{"line":135,"column":23}},"105":{"start":{"line":136,"column":4},"end":{"line":136,"column":56}},"106":{"start":{"line":141,"column":0},"end":{"line":149,"column":3}},"107":{"start":{"line":142,"column":2},"end":{"line":148,"column":3}},"108":{"start":{"line":143,"column":4},"end":{"line":143,"column":74}},"109":{"start":{"line":144,"column":4},"end":{"line":144,"column":43}},"110":{"start":{"line":146,"column":4},"end":{"line":146,"column":23}},"111":{"start":{"line":147,"column":4},"end":{"line":147,"column":56}},"112":{"start":{"line":152,"column":0},"end":{"line":166,"column":3}},"113":{"start":{"line":153,"column":2},"end":{"line":165,"column":3}},"114":{"start":{"line":154,"column":21},"end":{"line":154,"column":29}},"115":{"start":{"line":155,"column":4},"end":{"line":155,"column":83}},"116":{"start":{"line":155,"column":15},"end":{"line":155,"column":83}},"117":{"start":{"line":156,"column":19},"end":{"line":156,"column":106}},"118":{"start":{"line":157,"column":4},"end":{"line":157,"column":77}},"119":{"start":{"line":157,"column":22},"end":{"line":157,"column":77}},"120":{"start":{"line":158,"column":20},"end":{"line":159,"column":54}},"121":{"start":{"line":160,"column":4},"end":{"line":160,"column":104}},"122":{"start":{"line":161,"column":4},"end":{"line":161,"column":55}},"123":{"start":{"line":163,"column":4},"end":{"line":163,"column":23}},"124":{"start":{"line":164,"column":4},"end":{"line":164,"column":56}},"125":{"start":{"line":169,"column":0},"end":{"line":183,"column":3}},"126":{"start":{"line":170,"column":2},"end":{"line":182,"column":3}},"127":{"start":{"line":171,"column":21},"end":{"line":171,"column":29}},"128":{"start":{"line":172,"column":4},"end":{"line":172,"column":81}},"129":{"start":{"line":172,"column":15},"end":{"line":172,"column":81}},"130":{"start":{"line":173,"column":19},"end":{"line":173,"column":104}},"131":{"start":{"line":174,"column":4},"end":{"line":174,"column":77}},"132":{"start":{"line":174,"column":22},"end":{"line":174,"column":77}},"133":{"start":{"line":175,"column":20},"end":{"line":176,"column":52}},"134":{"start":{"line":177,"column":4},"end":{"line":177,"column":102}},"135":{"start":{"line":178,"column":4},"end":{"line":178,"column":53}},"136":{"start":{"line":180,"column":4},"end":{"line":180,"column":23}},"137":{"start":{"line":181,"column":4},"end":{"line":181,"column":56}},"138":{"start":{"line":186,"column":2},"end":{"line":201,"column":4}},"139":{"start":{"line":204,"column":0},"end":{"line":204,"column":24}}},"fnMap":{"0":{"name":"(anonymous_0)","decl":{"start":{"line":9,"column":15},"end":{"line":9,"column":16}},"loc":{"start":{"line":9,"column":34},"end":{"line":9,"column":86}},"line":9},"1":{"name":"(anonymous_1)","decl":{"start":{"line":10,"column":15},"end":{"line":10,"column":16}},"loc":{"start":{"line":10,"column":34},"end":{"line":10,"column":80}},"line":10},"2":{"name":"resolveImageUrl","decl":{"start":{"line":21,"column":9},"end":{"line":21,"column":24}},"loc":{"start":{"line":21,"column":30},"end":{"line":27,"column":1}},"line":21},"3":{"name":"resolveDogName","decl":{"start":{"line":30,"column":9},"end":{"line":30,"column":23}},"loc":{"start":{"line":30,"column":30},"end":{"line":32,"column":1}},"line":30},"4":{"name":"(anonymous_4)","decl":{"start":{"line":35,"column":14},"end":{"line":35,"column":15}},"loc":{"start":{"line":35,"column":19},"end":{"line":35,"column":42}},"line":35},"5":{"name":"(anonymous_5)","decl":{"start":{"line":36,"column":14},"end":{"line":36,"column":15}},"loc":{"start":{"line":36,"column":19},"end":{"line":36,"column":42}},"line":36},"6":{"name":"(anonymous_6)","decl":{"start":{"line":39,"column":16},"end":{"line":39,"column":17}},"loc":{"start":{"line":39,"column":36},"end":{"line":59,"column":1}},"line":39},"7":{"name":"(anonymous_7)","decl":{"start":{"line":62,"column":19},"end":{"line":62,"column":20}},"loc":{"start":{"line":62,"column":39},"end":{"line":75,"column":1}},"line":62},"8":{"name":"(anonymous_8)","decl":{"start":{"line":78,"column":61},"end":{"line":78,"column":62}},"loc":{"start":{"line":78,"column":81},"end":{"line":107,"column":1}},"line":78},"9":{"name":"(anonymous_9)","decl":{"start":{"line":110,"column":63},"end":{"line":110,"column":64}},"loc":{"start":{"line":110,"column":83},"end":{"line":138,"column":1}},"line":110},"10":{"name":"(anonymous_10)","decl":{"start":{"line":141,"column":44},"end":{"line":141,"column":45}},"loc":{"start":{"line":141,"column":64},"end":{"line":149,"column":1}},"line":141},"11":{"name":"(anonymous_11)","decl":{"start":{"line":152,"column":62},"end":{"line":152,"column":63}},"loc":{"start":{"line":152,"column":82},"end":{"line":166,"column":1}},"line":152},"12":{"name":"(anonymous_12)","decl":{"start":{"line":169,"column":61},"end":{"line":169,"column":62}},"loc":{"start":{"line":169,"column":81},"end":{"line":183,"column":1}},"line":169},"13":{"name":"normalise","decl":{"start":{"line":185,"column":9},"end":{"line":185,"column":18}},"loc":{"start":{"line":185,"column":22},"end":{"line":202,"column":1}},"line":185}},"branchMap":{"0":{"loc":{"start":{"line":22,"column":16},"end":{"line":22,"column":31}},"type":"binary-expr","locations":[{"start":{"line":22,"column":16},"end":{"line":22,"column":25}},{"start":{"line":22,"column":29},"end":{"line":22,"column":31}}],"line":22},"1":{"loc":{"start":{"line":23,"column":17},"end":{"line":23,"column":53}},"type":"binary-expr","locations":[{"start":{"line":23,"column":17},"end":{"line":23,"column":28}},{"start":{"line":23,"column":32},"end":{"line":23,"column":47}},{"start":{"line":23,"column":51},"end":{"line":23,"column":53}}],"line":23},"2":{"loc":{"start":{"line":24,"column":2},"end":{"line":24,"column":56}},"type":"if","locations":[{"start":{"line":24,"column":2},"end":{"line":24,"column":56}},{"start":{},"end":{}}],"line":24},"3":{"loc":{"start":{"line":25,"column":2},"end":{"line":25,"column":59}},"type":"if","locations":[{"start":{"line":25,"column":2},"end":{"line":25,"column":59}},{"start":{},"end":{}}],"line":25},"4":{"loc":{"start":{"line":31,"column":10},"end":{"line":31,"column":41}},"type":"binary-expr","locations":[{"start":{"line":31,"column":10},"end":{"line":31,"column":19}},{"start":{"line":31,"column":23},"end":{"line":31,"column":35}},{"start":{"line":31,"column":39},"end":{"line":31,"column":41}}],"line":31},"5":{"loc":{"start":{"line":35,"column":20},"end":{"line":35,"column":27}},"type":"binary-expr","locations":[{"start":{"line":35,"column":20},"end":{"line":35,"column":21}},{"start":{"line":35,"column":25},"end":{"line":35,"column":27}}],"line":35},"6":{"loc":{"start":{"line":36,"column":20},"end":{"line":36,"column":27}},"type":"binary-expr","locations":[{"start":{"line":36,"column":20},"end":{"line":36,"column":21}},{"start":{"line":36,"column":25},"end":{"line":36,"column":27}}],"line":36},"7":{"loc":{"start":{"line":46,"column":4},"end":{"line":46,"column":77}},"type":"if","locations":[{"start":{"line":46,"column":4},"end":{"line":46,"column":77}},{"start":{},"end":{}}],"line":46},"8":{"loc":{"start":{"line":47,"column":4},"end":{"line":47,"column":71}},"type":"if","locations":[{"start":{"line":47,"column":4},"end":{"line":47,"column":71}},{"start":{},"end":{}}],"line":47},"9":{"loc":{"start":{"line":48,"column":4},"end":{"line":48,"column":86}},"type":"if","locations":[{"start":{"line":48,"column":4},"end":{"line":48,"column":86}},{"start":{},"end":{}}],"line":48},"10":{"loc":{"start":{"line":49,"column":4},"end":{"line":50,"column":62}},"type":"if","locations":[{"start":{"line":49,"column":4},"end":{"line":50,"column":62}},{"start":{},"end":{}}],"line":49},"11":{"loc":{"start":{"line":69,"column":4},"end":{"line":69,"column":77}},"type":"if","locations":[{"start":{"line":69,"column":4},"end":{"line":69,"column":77}},{"start":{},"end":{}}],"line":69},"12":{"loc":{"start":{"line":81,"column":4},"end":{"line":81,"column":101}},"type":"if","locations":[{"start":{"line":81,"column":4},"end":{"line":81,"column":101}},{"start":{},"end":{}}],"line":81},"13":{"loc":{"start":{"line":92,"column":7},"end":{"line":92,"column":33}},"type":"cond-expr","locations":[{"start":{"line":92,"column":13},"end":{"line":92,"column":26}},{"start":{"line":92,"column":29},"end":{"line":92,"column":33}}],"line":92},"14":{"loc":{"start":{"line":93,"column":7},"end":{"line":93,"column":21}},"type":"binary-expr","locations":[{"start":{"line":93,"column":7},"end":{"line":93,"column":12}},{"start":{"line":93,"column":17},"end":{"line":93,"column":21}}],"line":93},"15":{"loc":{"start":{"line":94,"column":7},"end":{"line":94,"column":48}},"type":"cond-expr","locations":[{"start":{"line":94,"column":16},"end":{"line":94,"column":36}},{"start":{"line":94,"column":39},"end":{"line":94,"column":48}}],"line":94},"16":{"loc":{"start":{"line":95,"column":7},"end":{"line":95,"column":21}},"type":"binary-expr","locations":[{"start":{"line":95,"column":7},"end":{"line":95,"column":12}},{"start":{"line":95,"column":17},"end":{"line":95,"column":21}}],"line":95},"17":{"loc":{"start":{"line":96,"column":7},"end":{"line":96,"column":32}},"type":"binary-expr","locations":[{"start":{"line":96,"column":7},"end":{"line":96,"column":22}},{"start":{"line":96,"column":28},"end":{"line":96,"column":32}}],"line":96},"18":{"loc":{"start":{"line":97,"column":7},"end":{"line":97,"column":32}},"type":"binary-expr","locations":[{"start":{"line":97,"column":7},"end":{"line":97,"column":24}},{"start":{"line":97,"column":28},"end":{"line":97,"column":32}}],"line":97},"19":{"loc":{"start":{"line":98,"column":7},"end":{"line":98,"column":32}},"type":"binary-expr","locations":[{"start":{"line":98,"column":7},"end":{"line":98,"column":22}},{"start":{"line":98,"column":28},"end":{"line":98,"column":32}}],"line":98},"20":{"loc":{"start":{"line":116,"column":4},"end":{"line":116,"column":105}},"type":"if","locations":[{"start":{"line":116,"column":4},"end":{"line":116,"column":105}},{"start":{},"end":{}}],"line":116},"21":{"loc":{"start":{"line":117,"column":4},"end":{"line":117,"column":124}},"type":"if","locations":[{"start":{"line":117,"column":4},"end":{"line":117,"column":124}},{"start":{},"end":{}}],"line":117},"22":{"loc":{"start":{"line":117,"column":94},"end":{"line":117,"column":120}},"type":"cond-expr","locations":[{"start":{"line":117,"column":100},"end":{"line":117,"column":113}},{"start":{"line":117,"column":116},"end":{"line":117,"column":120}}],"line":117},"23":{"loc":{"start":{"line":118,"column":4},"end":{"line":118,"column":103}},"type":"if","locations":[{"start":{"line":118,"column":4},"end":{"line":118,"column":103}},{"start":{},"end":{}}],"line":118},"24":{"loc":{"start":{"line":119,"column":4},"end":{"line":119,"column":118}},"type":"if","locations":[{"start":{"line":119,"column":4},"end":{"line":119,"column":118}},{"start":{},"end":{}}],"line":119},"25":{"loc":{"start":{"line":120,"column":4},"end":{"line":120,"column":103}},"type":"if","locations":[{"start":{"line":120,"column":4},"end":{"line":120,"column":103}},{"start":{},"end":{}}],"line":120},"26":{"loc":{"start":{"line":121,"column":4},"end":{"line":121,"column":113}},"type":"if","locations":[{"start":{"line":121,"column":4},"end":{"line":121,"column":113}},{"start":{},"end":{}}],"line":121},"27":{"loc":{"start":{"line":122,"column":4},"end":{"line":122,"column":115}},"type":"if","locations":[{"start":{"line":122,"column":4},"end":{"line":122,"column":115}},{"start":{},"end":{}}],"line":122},"28":{"loc":{"start":{"line":123,"column":4},"end":{"line":123,"column":113}},"type":"if","locations":[{"start":{"line":123,"column":4},"end":{"line":123,"column":113}},{"start":{},"end":{}}],"line":123},"29":{"loc":{"start":{"line":124,"column":4},"end":{"line":124,"column":110}},"type":"if","locations":[{"start":{"line":124,"column":4},"end":{"line":124,"column":110}},{"start":{},"end":{}}],"line":124},"30":{"loc":{"start":{"line":128,"column":4},"end":{"line":128,"column":74}},"type":"if","locations":[{"start":{"line":128,"column":4},"end":{"line":128,"column":74}},{"start":{},"end":{}}],"line":128},"31":{"loc":{"start":{"line":130,"column":4},"end":{"line":130,"column":95}},"type":"if","locations":[{"start":{"line":130,"column":4},"end":{"line":130,"column":95}},{"start":{},"end":{}}],"line":130},"32":{"loc":{"start":{"line":155,"column":4},"end":{"line":155,"column":83}},"type":"if","locations":[{"start":{"line":155,"column":4},"end":{"line":155,"column":83}},{"start":{},"end":{}}],"line":155},"33":{"loc":{"start":{"line":157,"column":4},"end":{"line":157,"column":77}},"type":"if","locations":[{"start":{"line":157,"column":4},"end":{"line":157,"column":77}},{"start":{},"end":{}}],"line":157},"34":{"loc":{"start":{"line":158,"column":20},"end":{"line":159,"column":54}},"type":"cond-expr","locations":[{"start":{"line":159,"column":8},"end":{"line":159,"column":47}},{"start":{"line":159,"column":50},"end":{"line":159,"column":54}}],"line":158},"35":{"loc":{"start":{"line":172,"column":4},"end":{"line":172,"column":81}},"type":"if","locations":[{"start":{"line":172,"column":4},"end":{"line":172,"column":81}},{"start":{},"end":{}}],"line":172},"36":{"loc":{"start":{"line":174,"column":4},"end":{"line":174,"column":77}},"type":"if","locations":[{"start":{"line":174,"column":4},"end":{"line":174,"column":77}},{"start":{},"end":{}}],"line":174},"37":{"loc":{"start":{"line":175,"column":20},"end":{"line":176,"column":52}},"type":"cond-expr","locations":[{"start":{"line":176,"column":8},"end":{"line":176,"column":45}},{"start":{"line":176,"column":48},"end":{"line":176,"column":52}}],"line":175},"38":{"loc":{"start":{"line":192,"column":24},"end":{"line":192,"column":45}},"type":"binary-expr","locations":[{"start":{"line":192,"column":24},"end":{"line":192,"column":32}},{"start":{"line":192,"column":36},"end":{"line":192,"column":45}}],"line":192}},"s":{"0":1,"1":0,"2":0,"3":0,"4":0,"5":0,"6":0,"7":0,"8":0,"9":0,"10":0,"11":0,"12":0,"13":0,"14":0,"15":0,"16":0,"17":0,"18":0,"19":0,"20":0,"21":0,"22":0,"23":0,"24":0,"25":0,"26":0,"27":0,"28":0,"29":0,"30":0,"31":0,"32":0,"33":0,"34":0,"35":0,"36":0,"37":0,"38":0,"39":0,"40":0,"41":0,"42":0,"43":0,"44":0,"45":0,"46":0,"47":0,"48":0,"49":0,"50":0,"51":0,"52":0,"53":0,"54":0,"55":0,"56":0,"57":0,"58":0,"59":0,"60":0,"61":0,"62":0,"63":0,"64":0,"65":0,"66":0,"67":0,"68":0,"69":0,"70":0,"71":0,"72":0,"73":0,"74":0,"75":0,"76":0,"77":0,"78":0,"79":0,"80":0,"81":0,"82":0,"83":0,"84":0,"85":0,"86":0,"87":0,"88":0,"89":0,"90":0,"91":0,"92":0,"93":0,"94":0,"95":0,"96":0,"97":0,"98":0,"99":0,"100":0,"101":0,"102":0,"103":0,"104":0,"105":0,"106":0,"107":0,"108":0,"109":0,"110":0,"111":0,"112":0,"113":0,"114":0,"115":0,"116":0,"117":0,"118":0,"119":0,"120":0,"121":0,"122":0,"123":0,"124":0,"125":0,"126":0,"127":0,"128":0,"129":0,"130":0,"131":0,"132":0,"133":0,"134":0,"135":0,"136":0,"137":0,"138":0,"139":0},"f":{"0":0,"1":0,"2":0,"3":0,"4":0,"5":0,"6":0,"7":0,"8":0,"9":0,"10":0,"11":0,"12":0,"13":0},"b":{"0":[0,0],"1":[0,0,0],"2":[0,0],"3":[0,0],"4":[0,0,0],"5":[0,0],"6":[0,0],"7":[0,0],"8":[0,0],"9":[0,0],"10":[0,0],"11":[0,0],"12":[0,0],"13":[0,0],"14":[0,0],"15":[0,0],"16":[0,0],"17":[0,0],"18":[0,0],"19":[0,0],"20":[0,0],"21":[0,0],"22":[0,0],"23":[0,0],"24":[0,0],"25":[0,0],"26":[0,0],"27":[0,0],"28":[0,0],"29":[0,0],"30":[0,0],"31":[0,0],"32":[0,0],"33":[0,0],"34":[0,0],"35":[0,0],"36":[0,0],"37":[0,0],"38":[0,0]},"_coverageSchema":"1a1c01bbd47fc00a2c39e90264f33305004495a9","hash":"fe6a24f848c3583a487ef7aef864e1fe2bdd2a25"}
,"/workspaces/2025-ITCS383-JITNONGNOOONG/implementations/tests/test-utils.js": {"path":"/workspaces/2025-ITCS383-JITNONGNOOONG/implementations/tests/test-utils.js","statementMap":{"0":{"start":{"line":1,"column":13},"end":{"line":1,"column":28}},"1":{"start":{"line":3,"column":20},"end":{"line":3,"column":61}},"2":{"start":{"line":6,"column":2},"end":{"line":11,"column":4}},"3":{"start":{"line":15,"column":2},"end":{"line":15,"column":38}},"4":{"start":{"line":19,"column":17},"end":{"line":19,"column":55}},"5":{"start":{"line":20,"column":2},"end":{"line":20,"column":22}},"6":{"start":{"line":21,"column":2},"end":{"line":21,"column":61}},"7":{"start":{"line":21,"column":51},"end":{"line":21,"column":57}},"8":{"start":{"line":23,"column":2},"end":{"line":27,"column":3}},"9":{"start":{"line":24,"column":23},"end":{"line":24,"column":74}},"10":{"start":{"line":25,"column":4},"end":{"line":25,"column":28}},"11":{"start":{"line":26,"column":4},"end":{"line":26,"column":36}},"12":{"start":{"line":29,"column":20},"end":{"line":29,"column":53}},"13":{"start":{"line":30,"column":2},"end":{"line":30,"column":25}},"14":{"start":{"line":31,"column":2},"end":{"line":31,"column":28}},"15":{"start":{"line":35,"column":16},"end":{"line":37,"column":3}},"16":{"start":{"line":36,"column":11},"end":{"line":36,"column":89}},"17":{"start":{"line":38,"column":2},"end":{"line":40,"column":3}},"18":{"start":{"line":39,"column":4},"end":{"line":39,"column":77}},"19":{"start":{"line":41,"column":2},"end":{"line":41,"column":48}},"20":{"start":{"line":41,"column":38},"end":{"line":41,"column":46}},"21":{"start":{"line":45,"column":19},"end":{"line":45,"column":57}},"22":{"start":{"line":46,"column":2},"end":{"line":46,"column":41}},"23":{"start":{"line":46,"column":28},"end":{"line":46,"column":39}},"24":{"start":{"line":50,"column":2},"end":{"line":50,"column":55}},"25":{"start":{"line":54,"column":2},"end":{"line":87,"column":4}},"26":{"start":{"line":62,"column":6},"end":{"line":62,"column":29}},"27":{"start":{"line":63,"column":6},"end":{"line":63,"column":18}},"28":{"start":{"line":66,"column":6},"end":{"line":66,"column":26}},"29":{"start":{"line":67,"column":6},"end":{"line":67,"column":27}},"30":{"start":{"line":68,"column":6},"end":{"line":68,"column":18}},"31":{"start":{"line":71,"column":6},"end":{"line":71,"column":26}},"32":{"start":{"line":72,"column":6},"end":{"line":72,"column":27}},"33":{"start":{"line":73,"column":6},"end":{"line":73,"column":18}},"34":{"start":{"line":76,"column":6},"end":{"line":76,"column":26}},"35":{"start":{"line":79,"column":6},"end":{"line":79,"column":37}},"36":{"start":{"line":80,"column":6},"end":{"line":80,"column":18}},"37":{"start":{"line":83,"column":6},"end":{"line":83,"column":31}},"38":{"start":{"line":84,"column":6},"end":{"line":84,"column":27}},"39":{"start":{"line":85,"column":6},"end":{"line":85,"column":18}},"40":{"start":{"line":92,"column":4},"end":{"line":92,"column":57}},"41":{"start":{"line":92,"column":50},"end":{"line":92,"column":57}},"42":{"start":{"line":93,"column":20},"end":{"line":93,"column":35}},"43":{"start":{"line":95,"column":4},"end":{"line":109,"column":5}},"44":{"start":{"line":96,"column":23},"end":{"line":96,"column":28}},"45":{"start":{"line":98,"column":19},"end":{"line":101,"column":7}},"46":{"start":{"line":99,"column":8},"end":{"line":99,"column":26}},"47":{"start":{"line":100,"column":8},"end":{"line":100,"column":22}},"48":{"start":{"line":102,"column":18},"end":{"line":102,"column":41}},"49":{"start":{"line":103,"column":6},"end":{"line":103,"column":59}},"50":{"start":{"line":103,"column":49},"end":{"line":103,"column":59}},"51":{"start":{"line":104,"column":6},"end":{"line":104,"column":33}},"52":{"start":{"line":104,"column":19},"end":{"line":104,"column":33}},"53":{"start":{"line":105,"column":6},"end":{"line":107,"column":7}},"54":{"start":{"line":106,"column":8},"end":{"line":106,"column":31}},"55":{"start":{"line":108,"column":6},"end":{"line":108,"column":13}},"56":{"start":{"line":111,"column":16},"end":{"line":111,"column":33}},"57":{"start":{"line":112,"column":4},"end":{"line":112,"column":57}},"58":{"start":{"line":112,"column":47},"end":{"line":112,"column":57}},"59":{"start":{"line":113,"column":4},"end":{"line":113,"column":27}},"60":{"start":{"line":116,"column":2},"end":{"line":116,"column":17}},"61":{"start":{"line":117,"column":2},"end":{"line":117,"column":13}},"62":{"start":{"line":121,"column":16},"end":{"line":121,"column":18}},"63":{"start":{"line":122,"column":13},"end":{"line":133,"column":3}},"64":{"start":{"line":124,"column":6},"end":{"line":124,"column":34}},"65":{"start":{"line":125,"column":6},"end":{"line":127,"column":7}},"66":{"start":{"line":126,"column":8},"end":{"line":126,"column":61}},"67":{"start":{"line":128,"column":19},"end":{"line":128,"column":32}},"68":{"start":{"line":129,"column":6},"end":{"line":129,"column":44}},"69":{"start":{"line":129,"column":33},"end":{"line":129,"column":44}},"70":{"start":{"line":130,"column":6},"end":{"line":130,"column":74}},"71":{"start":{"line":130,"column":38},"end":{"line":130,"column":74}},"72":{"start":{"line":131,"column":6},"end":{"line":131,"column":18}},"73":{"start":{"line":134,"column":2},"end":{"line":134,"column":23}},"74":{"start":{"line":137,"column":0},"end":{"line":145,"column":2}}},"fnMap":{"0":{"name":"setMock","decl":{"start":{"line":5,"column":9},"end":{"line":5,"column":16}},"loc":{"start":{"line":5,"column":46},"end":{"line":12,"column":1}},"line":5},"1":{"name":"clearModule","decl":{"start":{"line":14,"column":9},"end":{"line":14,"column":20}},"loc":{"start":{"line":14,"column":36},"end":{"line":16,"column":1}},"line":14},"2":{"name":"loadRoute","decl":{"start":{"line":18,"column":9},"end":{"line":18,"column":18}},"loc":{"start":{"line":18,"column":59},"end":{"line":32,"column":1}},"line":18},"3":{"name":"(anonymous_3)","decl":{"start":{"line":21,"column":39},"end":{"line":21,"column":40}},"loc":{"start":{"line":21,"column":51},"end":{"line":21,"column":57}},"line":21},"4":{"name":"getHandlers","decl":{"start":{"line":34,"column":9},"end":{"line":34,"column":20}},"loc":{"start":{"line":34,"column":48},"end":{"line":42,"column":1}},"line":34},"5":{"name":"(anonymous_5)","decl":{"start":{"line":36,"column":4},"end":{"line":36,"column":5}},"loc":{"start":{"line":36,"column":11},"end":{"line":36,"column":89}},"line":36},"6":{"name":"(anonymous_6)","decl":{"start":{"line":41,"column":31},"end":{"line":41,"column":32}},"loc":{"start":{"line":41,"column":38},"end":{"line":41,"column":46}},"line":41},"7":{"name":"pickHandlers","decl":{"start":{"line":44,"column":9},"end":{"line":44,"column":21}},"loc":{"start":{"line":44,"column":58},"end":{"line":47,"column":1}},"line":44},"8":{"name":"(anonymous_8)","decl":{"start":{"line":46,"column":21},"end":{"line":46,"column":22}},"loc":{"start":{"line":46,"column":28},"end":{"line":46,"column":39}},"line":46},"9":{"name":"createReq","decl":{"start":{"line":49,"column":9},"end":{"line":49,"column":18}},"loc":{"start":{"line":49,"column":117},"end":{"line":51,"column":1}},"line":49},"10":{"name":"createRes","decl":{"start":{"line":53,"column":9},"end":{"line":53,"column":18}},"loc":{"start":{"line":53,"column":21},"end":{"line":88,"column":1}},"line":53},"11":{"name":"(anonymous_11)","decl":{"start":{"line":61,"column":4},"end":{"line":61,"column":5}},"loc":{"start":{"line":61,"column":17},"end":{"line":64,"column":5}},"line":61},"12":{"name":"(anonymous_12)","decl":{"start":{"line":65,"column":4},"end":{"line":65,"column":5}},"loc":{"start":{"line":65,"column":18},"end":{"line":69,"column":5}},"line":65},"13":{"name":"(anonymous_13)","decl":{"start":{"line":70,"column":4},"end":{"line":70,"column":5}},"loc":{"start":{"line":70,"column":18},"end":{"line":74,"column":5}},"line":70},"14":{"name":"(anonymous_14)","decl":{"start":{"line":75,"column":4},"end":{"line":75,"column":5}},"loc":{"start":{"line":75,"column":20},"end":{"line":77,"column":5}},"line":75},"15":{"name":"(anonymous_15)","decl":{"start":{"line":78,"column":4},"end":{"line":78,"column":5}},"loc":{"start":{"line":78,"column":22},"end":{"line":81,"column":5}},"line":78},"16":{"name":"(anonymous_16)","decl":{"start":{"line":82,"column":4},"end":{"line":82,"column":5}},"loc":{"start":{"line":82,"column":23},"end":{"line":86,"column":5}},"line":82},"17":{"name":"runHandlers","decl":{"start":{"line":90,"column":15},"end":{"line":90,"column":26}},"loc":{"start":{"line":90,"column":61},"end":{"line":118,"column":1}},"line":90},"18":{"name":"runAt","decl":{"start":{"line":91,"column":17},"end":{"line":91,"column":22}},"loc":{"start":{"line":91,"column":30},"end":{"line":114,"column":3}},"line":91},"19":{"name":"(anonymous_19)","decl":{"start":{"line":98,"column":19},"end":{"line":98,"column":20}},"loc":{"start":{"line":98,"column":28},"end":{"line":101,"column":7}},"line":98},"20":{"name":"createDbMockQueue","decl":{"start":{"line":120,"column":9},"end":{"line":120,"column":26}},"loc":{"start":{"line":120,"column":39},"end":{"line":135,"column":1}},"line":120},"21":{"name":"(anonymous_21)","decl":{"start":{"line":123,"column":13},"end":{"line":123,"column":14}},"loc":{"start":{"line":123,"column":41},"end":{"line":132,"column":5}},"line":123}},"branchMap":{"0":{"loc":{"start":{"line":18,"column":30},"end":{"line":18,"column":57}},"type":"default-arg","locations":[{"start":{"line":18,"column":55},"end":{"line":18,"column":57}}],"line":18},"1":{"loc":{"start":{"line":21,"column":18},"end":{"line":21,"column":59}},"type":"binary-expr","locations":[{"start":{"line":21,"column":18},"end":{"line":21,"column":24}},{"start":{"line":21,"column":28},"end":{"line":21,"column":59}}],"line":21},"2":{"loc":{"start":{"line":23,"column":2},"end":{"line":27,"column":3}},"type":"if","locations":[{"start":{"line":23,"column":2},"end":{"line":27,"column":3}},{"start":{},"end":{}}],"line":23},"3":{"loc":{"start":{"line":36,"column":11},"end":{"line":36,"column":89}},"type":"binary-expr","locations":[{"start":{"line":36,"column":11},"end":{"line":36,"column":18}},{"start":{"line":36,"column":22},"end":{"line":36,"column":48}},{"start":{"line":36,"column":52},"end":{"line":36,"column":89}}],"line":36},"4":{"loc":{"start":{"line":38,"column":2},"end":{"line":40,"column":3}},"type":"if","locations":[{"start":{"line":38,"column":2},"end":{"line":40,"column":3}},{"start":{},"end":{}}],"line":38},"5":{"loc":{"start":{"line":49,"column":19},"end":{"line":49,"column":115}},"type":"default-arg","locations":[{"start":{"line":49,"column":113},"end":{"line":49,"column":115}}],"line":49},"6":{"loc":{"start":{"line":49,"column":21},"end":{"line":49,"column":30}},"type":"default-arg","locations":[{"start":{"line":49,"column":28},"end":{"line":49,"column":30}}],"line":49},"7":{"loc":{"start":{"line":49,"column":32},"end":{"line":49,"column":42}},"type":"default-arg","locations":[{"start":{"line":49,"column":40},"end":{"line":49,"column":42}}],"line":49},"8":{"loc":{"start":{"line":49,"column":44},"end":{"line":49,"column":55}},"type":"default-arg","locations":[{"start":{"line":49,"column":53},"end":{"line":49,"column":55}}],"line":49},"9":{"loc":{"start":{"line":49,"column":57},"end":{"line":49,"column":71}},"type":"default-arg","locations":[{"start":{"line":49,"column":67},"end":{"line":49,"column":71}}],"line":49},"10":{"loc":{"start":{"line":49,"column":73},"end":{"line":49,"column":89}},"type":"default-arg","locations":[{"start":{"line":49,"column":80},"end":{"line":49,"column":89}}],"line":49},"11":{"loc":{"start":{"line":49,"column":91},"end":{"line":49,"column":108}},"type":"default-arg","locations":[{"start":{"line":49,"column":99},"end":{"line":49,"column":108}}],"line":49},"12":{"loc":{"start":{"line":90,"column":42},"end":{"line":90,"column":59}},"type":"default-arg","locations":[{"start":{"line":90,"column":48},"end":{"line":90,"column":59}}],"line":90},"13":{"loc":{"start":{"line":92,"column":4},"end":{"line":92,"column":57}},"type":"if","locations":[{"start":{"line":92,"column":4},"end":{"line":92,"column":57}},{"start":{},"end":{}}],"line":92},"14":{"loc":{"start":{"line":92,"column":8},"end":{"line":92,"column":48}},"type":"binary-expr","locations":[{"start":{"line":92,"column":8},"end":{"line":92,"column":32}},{"start":{"line":92,"column":36},"end":{"line":92,"column":48}}],"line":92},"15":{"loc":{"start":{"line":95,"column":4},"end":{"line":109,"column":5}},"type":"if","locations":[{"start":{"line":95,"column":4},"end":{"line":109,"column":5}},{"start":{},"end":{}}],"line":95},"16":{"loc":{"start":{"line":103,"column":6},"end":{"line":103,"column":59}},"type":"if","locations":[{"start":{"line":103,"column":6},"end":{"line":103,"column":59}},{"start":{},"end":{}}],"line":103},"17":{"loc":{"start":{"line":103,"column":10},"end":{"line":103,"column":47}},"type":"binary-expr","locations":[{"start":{"line":103,"column":10},"end":{"line":103,"column":13}},{"start":{"line":103,"column":17},"end":{"line":103,"column":47}}],"line":103},"18":{"loc":{"start":{"line":104,"column":6},"end":{"line":104,"column":33}},"type":"if","locations":[{"start":{"line":104,"column":6},"end":{"line":104,"column":33}},{"start":{},"end":{}}],"line":104},"19":{"loc":{"start":{"line":105,"column":6},"end":{"line":107,"column":7}},"type":"if","locations":[{"start":{"line":105,"column":6},"end":{"line":107,"column":7}},{"start":{},"end":{}}],"line":105},"20":{"loc":{"start":{"line":112,"column":4},"end":{"line":112,"column":57}},"type":"if","locations":[{"start":{"line":112,"column":4},"end":{"line":112,"column":57}},{"start":{},"end":{}}],"line":112},"21":{"loc":{"start":{"line":112,"column":8},"end":{"line":112,"column":45}},"type":"binary-expr","locations":[{"start":{"line":112,"column":8},"end":{"line":112,"column":11}},{"start":{"line":112,"column":15},"end":{"line":112,"column":45}}],"line":112},"22":{"loc":{"start":{"line":120,"column":27},"end":{"line":120,"column":37}},"type":"default-arg","locations":[{"start":{"line":120,"column":35},"end":{"line":120,"column":37}}],"line":120},"23":{"loc":{"start":{"line":123,"column":25},"end":{"line":123,"column":36}},"type":"default-arg","locations":[{"start":{"line":123,"column":34},"end":{"line":123,"column":36}}],"line":123},"24":{"loc":{"start":{"line":125,"column":6},"end":{"line":127,"column":7}},"type":"if","locations":[{"start":{"line":125,"column":6},"end":{"line":127,"column":7}},{"start":{},"end":{}}],"line":125},"25":{"loc":{"start":{"line":129,"column":6},"end":{"line":129,"column":44}},"type":"if","locations":[{"start":{"line":129,"column":6},"end":{"line":129,"column":44}},{"start":{},"end":{}}],"line":129},"26":{"loc":{"start":{"line":130,"column":6},"end":{"line":130,"column":74}},"type":"if","locations":[{"start":{"line":130,"column":6},"end":{"line":130,"column":74}},{"start":{},"end":{}}],"line":130}},"s":{"0":1,"1":1,"2":12,"3":21,"4":12,"5":12,"6":12,"7":0,"8":12,"9":3,"10":0,"11":0,"12":9,"13":9,"14":9,"15":0,"16":0,"17":0,"18":0,"19":0,"20":0,"21":0,"22":0,"23":0,"24":4,"25":4,"26":2,"27":2,"28":2,"29":2,"30":2,"31":0,"32":0,"33":0,"34":0,"35":0,"36":0,"37":0,"38":0,"39":0,"40":0,"41":0,"42":0,"43":0,"44":0,"45":0,"46":0,"47":0,"48":0,"49":0,"50":0,"51":0,"52":0,"53":0,"54":0,"55":0,"56":0,"57":0,"58":0,"59":0,"60":0,"61":0,"62":12,"63":12,"64":0,"65":0,"66":0,"67":0,"68":0,"69":0,"70":0,"71":0,"72":0,"73":12,"74":1},"f":{"0":12,"1":21,"2":12,"3":0,"4":0,"5":0,"6":0,"7":0,"8":0,"9":4,"10":4,"11":2,"12":2,"13":0,"14":0,"15":0,"16":0,"17":0,"18":0,"19":0,"20":12,"21":0},"b":{"0":[0],"1":[12,0],"2":[3,9],"3":[0,0,0],"4":[0,0],"5":[1],"6":[4],"7":[4],"8":[4],"9":[1],"10":[4],"11":[4],"12":[0],"13":[0,0],"14":[0,0],"15":[0,0],"16":[0,0],"17":[0,0],"18":[0,0],"19":[0,0],"20":[0,0],"21":[0,0],"22":[0],"23":[0],"24":[0,0],"25":[0,0],"26":[0,0]},"_coverageSchema":"1a1c01bbd47fc00a2c39e90264f33305004495a9","hash":"efbe8083a7760463a3bfb6c6265b74d37fbed9cb"}
}
