TN:
SF:src/backend/middleware/auth.js
FN:11,requireAuth
FN:25,requireRole
FN:26,anonymous_2
FN:31,anonymous_3
FNDA:11,requireAuth
FNDA:84,requireRole
FNDA:21,anonymous_2
FNDA:36,anonymous_3
FNF:4
FNH:4
BRDA:1,0,0,1
BRDA:11,1,0,11
BRDA:12,2,0,10
BRDA:12,3,0,1
BRDA:14,4,0,10
BRDA:25,5,0,84
BRDA:26,6,0,21
BRDA:27,7,0,0
BRDA:30,8,0,0
BRDA:31,9,0,1
BRDA:33,10,0,20
BRDA:31,11,0,36
BRF:12
BRH:10
DA:1,1
DA:2,1
DA:3,1
DA:4,1
DA:5,1
DA:6,1
DA:7,1
DA:8,1
DA:9,1
DA:10,1
DA:11,11
DA:12,11
DA:13,1
DA:14,1
DA:15,10
DA:16,11
DA:17,1
DA:18,1
DA:19,1
DA:20,1
DA:21,1
DA:22,1
DA:23,1
DA:24,1
DA:25,84
DA:26,84
DA:27,21
DA:28,0
DA:29,0
DA:30,21
DA:31,21
DA:32,1
DA:33,1
DA:34,20
DA:35,84
DA:36,84
DA:37,1
DA:38,1
LH:36
LF:38
end_of_record
SF:src/backend/routes/adoptions.js
FN:26,hasAdoptionDetailsTable
FN:63,anonymous_1
FN:88,anonymous_2
FN:111,anonymous_3
FN:179,anonymous_4
FN:252,normalise
FNDA:3,hasAdoptionDetailsTable
FNDA:1,anonymous_1
FNDA:1,anonymous_2
FNDA:1,anonymous_3
FNDA:2,anonymous_4
FNDA:2,normalise
FNF:6
FNH:6
BRDA:1,0,0,5
BRDA:26,1,0,3
BRDA:27,2,0,0
BRDA:31,3,0,0
BRDA:63,4,0,1
BRDA:70,5,0,0
BRDA:74,6,0,0
BRDA:81,7,0,0
BRDA:88,8,0,1
BRDA:94,9,0,0
BRDA:98,10,0,0
BRDA:104,11,0,0
BRDA:111,12,0,1
BRDA:115,13,0,0
BRDA:124,14,0,0
BRDA:125,15,0,0
BRDA:126,16,0,0
BRDA:135,17,0,0
BRDA:146,18,0,0
BRDA:146,19,0,0
BRDA:147,20,0,0
BRDA:147,21,0,0
BRDA:148,22,0,0
BRDA:148,23,0,0
BRDA:150,24,0,0
BRDA:172,25,0,0
BRDA:179,26,0,2
BRDA:182,27,0,0
BRDA:182,28,0,0
BRDA:183,29,0,1
BRDA:186,30,0,1
BRDA:186,31,0,1
BRDA:193,32,0,0
BRDA:193,33,0,1
BRDA:198,34,0,0
BRDA:202,35,0,0
BRDA:229,36,0,0
BRDA:244,37,0,0
BRDA:245,38,0,0
BRDA:252,39,0,2
BRDA:265,40,0,0
BRDA:268,41,0,0
BRDA:269,42,0,0
BRF:43
BRH:11
DA:1,5
DA:2,5
DA:3,5
DA:4,5
DA:5,5
DA:6,5
DA:7,5
DA:8,5
DA:9,5
DA:10,5
DA:11,5
DA:12,5
DA:13,5
DA:14,5
DA:15,5
DA:16,5
DA:17,5
DA:18,5
DA:19,5
DA:20,5
DA:21,5
DA:22,5
DA:23,5
DA:24,5
DA:25,5
DA:26,3
DA:27,3
DA:28,3
DA:29,3
DA:30,3
DA:31,3
DA:32,0
DA:33,0
DA:34,0
DA:35,0
DA:36,0
DA:37,0
DA:38,0
DA:39,0
DA:40,0
DA:41,0
DA:42,0
DA:43,0
DA:44,0
DA:45,0
DA:46,0
DA:47,0
DA:48,0
DA:49,0
DA:50,0
DA:51,0
DA:52,0
DA:53,0
DA:54,0
DA:55,0
DA:56,3
DA:57,3
DA:58,3
DA:59,3
DA:60,3
DA:61,5
DA:62,5
DA:63,5
DA:64,1
DA:65,1
DA:66,1
DA:67,1
DA:68,1
DA:69,1
DA:70,1
DA:71,1
DA:72,1
DA:73,1
DA:74,1
DA:75,1
DA:76,1
DA:77,1
DA:78,1
DA:79,1
DA:80,1
DA:81,1
DA:82,0
DA:83,0
DA:84,0
DA:85,5
DA:86,5
DA:87,5
DA:88,5
DA:89,1
DA:90,1
DA:91,1
DA:92,1
DA:93,1
DA:94,1
DA:95,1
DA:96,1
DA:97,1
DA:98,1
DA:99,1
DA:100,1
DA:101,1
DA:102,1
DA:103,1
DA:104,1
DA:105,0
DA:106,0
DA:107,0
DA:108,5
DA:109,5
DA:110,5
DA:111,5
DA:112,1
DA:113,1
DA:114,1
DA:115,1
DA:116,1
DA:117,1
DA:118,1
DA:119,1
DA:120,1
DA:121,1
DA:122,1
DA:123,1
DA:124,1
DA:125,1
DA:126,1
DA:127,0
DA:128,0
DA:129,1
DA:130,1
DA:131,1
DA:132,1
DA:133,1
DA:134,1
DA:135,1
DA:136,0
DA:137,0
DA:138,1
DA:139,1
DA:140,1
DA:141,1
DA:142,1
DA:143,1
DA:144,1
DA:145,1
DA:146,1
DA:147,1
DA:148,1
DA:149,1
DA:150,1
DA:151,0
DA:152,0
DA:153,1
DA:154,1
DA:155,1
DA:156,1
DA:157,1
DA:158,1
DA:159,1
DA:160,1
DA:161,1
DA:162,1
DA:163,1
DA:164,1
DA:165,1
DA:166,1
DA:167,1
DA:168,1
DA:169,1
DA:170,1
DA:171,1
DA:172,1
DA:173,0
DA:174,0
DA:175,0
DA:176,5
DA:177,5
DA:178,5
DA:179,5
DA:180,2
DA:181,2
DA:182,2
DA:183,2
DA:184,2
DA:185,2
DA:186,2
DA:187,1
DA:188,1
DA:189,1
DA:190,1
DA:191,1
DA:192,1
DA:193,2
DA:194,1
DA:195,1
DA:196,1
DA:197,1
DA:198,1
DA:199,1
DA:200,1
DA:201,1
DA:202,1
DA:203,0
DA:204,0
DA:205,0
DA:206,0
DA:207,0
DA:208,0
DA:209,0
DA:210,0
DA:211,0
DA:212,0
DA:213,0
DA:214,0
DA:215,0
DA:216,0
DA:217,0
DA:218,0
DA:219,0
DA:220,0
DA:221,0
DA:222,0
DA:223,0
DA:224,0
DA:225,0
DA:226,0
DA:227,0
DA:228,0
DA:229,2
DA:230,0
DA:231,0
DA:232,0
DA:233,0
DA:234,0
DA:235,0
DA:236,0
DA:237,0
DA:238,0
DA:239,0
DA:240,0
DA:241,0
DA:242,0
DA:243,0
DA:244,2
DA:245,2
DA:246,0
DA:247,0
DA:248,0
DA:249,5
DA:250,5
DA:251,5
DA:252,2
DA:253,2
DA:254,2
DA:255,2
DA:256,2
DA:257,2
DA:258,2
DA:259,2
DA:260,2
DA:261,2
DA:262,2
DA:263,2
DA:264,2
DA:265,2
DA:266,2
DA:267,2
DA:268,2
DA:269,2
DA:270,2
DA:271,2
DA:272,2
DA:273,2
DA:274,5
DA:275,5
LH:193
LF:275
end_of_record
SF:src/backend/routes/appointments.js
FN:17,ensureStaffConfirmColumn
FN:44,anonymous_1
FN:83,anonymous_2
FN:139,anonymous_3
FN:184,normalise
FNDA:3,ensureStaffConfirmColumn
FNDA:1,anonymous_1
FNDA:1,anonymous_2
FNDA:1,anonymous_3
FNDA:1,normalise
FNF:5
FNH:5
BRDA:1,0,0,3
BRDA:17,1,0,3
BRDA:18,2,0,0
BRDA:22,3,0,0
BRDA:44,4,0,1
BRDA:48,5,0,0
BRDA:55,6,0,0
BRDA:76,7,0,0
BRDA:83,8,0,1
BRDA:87,9,0,0
BRDA:89,10,0,0
BRDA:103,11,0,0
BRDA:103,12,0,0
BRDA:139,13,0,1
BRDA:145,14,0,0
BRDA:156,15,0,0
BRDA:159,16,0,0
BRDA:160,17,0,0
BRDA:184,18,0,1
BRDA:186,19,0,0
BRDA:188,20,0,0
BRDA:189,21,0,0
BRF:22
BRH:6
DA:1,3
DA:2,3
DA:3,3
DA:4,3
DA:5,3
DA:6,3
DA:7,3
DA:8,3
DA:9,3
DA:10,3
DA:11,3
DA:12,3
DA:13,3
DA:14,3
DA:15,3
DA:16,3
DA:17,3
DA:18,3
DA:19,3
DA:20,3
DA:21,3
DA:22,3
DA:23,0
DA:24,0
DA:25,0
DA:26,0
DA:27,0
DA:28,0
DA:29,0
DA:30,0
DA:31,0
DA:32,0
DA:33,0
DA:34,0
DA:35,3
DA:36,3
DA:37,3
DA:38,3
DA:39,3
DA:40,3
DA:41,3
DA:42,3
DA:43,3
DA:44,3
DA:45,1
DA:46,1
DA:47,1
DA:48,1
DA:49,1
DA:50,1
DA:51,1
DA:52,1
DA:53,1
DA:54,1
DA:55,1
DA:56,1
DA:57,1
DA:58,1
DA:59,1
DA:60,1
DA:61,1
DA:62,1
DA:63,1
DA:64,1
DA:65,1
DA:66,1
DA:67,1
DA:68,1
DA:69,1
DA:70,1
DA:71,1
DA:72,1
DA:73,1
DA:74,1
DA:75,1
DA:76,1
DA:77,0
DA:78,0
DA:79,0
DA:80,3
DA:81,3
DA:82,3
DA:83,3
DA:84,1
DA:85,1
DA:86,1
DA:87,1
DA:88,1
DA:89,1
DA:90,0
DA:91,0
DA:92,0
DA:93,0
DA:94,0
DA:95,0
DA:96,0
DA:97,0
DA:98,0
DA:99,0
DA:100,0
DA:101,0
DA:102,1
DA:103,1
DA:104,0
DA:105,0
DA:106,0
DA:107,0
DA:108,0
DA:109,0
DA:110,0
DA:111,0
DA:112,0
DA:113,0
DA:114,0
DA:115,0
DA:116,0
DA:117,0
DA:118,0
DA:119,0
DA:120,0
DA:121,0
DA:122,0
DA:123,0
DA:124,0
DA:125,0
DA:126,0
DA:127,0
DA:128,0
DA:129,0
DA:130,0
DA:131,0
DA:132,0
DA:133,0
DA:134,0
DA:135,0
DA:136,3
DA:137,3
DA:138,3
DA:139,3
DA:140,1
DA:141,1
DA:142,1
DA:143,1
DA:144,1
DA:145,1
DA:146,0
DA:147,0
DA:148,0
DA:149,0
DA:150,0
DA:151,0
DA:152,0
DA:153,0
DA:154,0
DA:155,1
DA:156,1
DA:157,1
DA:158,1
DA:159,1
DA:160,1
DA:161,0
DA:162,0
DA:163,0
DA:164,0
DA:165,0
DA:166,0
DA:167,0
DA:168,0
DA:169,0
DA:170,0
DA:171,0
DA:172,0
DA:173,0
DA:174,0
DA:175,0
DA:176,0
DA:177,0
DA:178,0
DA:179,0
DA:180,0
DA:181,0
DA:182,3
DA:183,3
DA:184,1
DA:185,1
DA:186,1
DA:187,1
DA:188,1
DA:189,1
DA:190,1
DA:191,1
DA:192,1
DA:193,1
DA:194,1
DA:195,1
DA:196,1
DA:197,1
DA:198,3
DA:199,3
LH:110
LF:199
end_of_record
SF:src/backend/routes/auth.js
FN:6,requireSession
FN:14,anonymous_1
FN:69,anonymous_2
FN:129,anonymous_3
FN:130,anonymous_4
FN:137,anonymous_5
FNDA:2,requireSession
FNDA:2,anonymous_1
FNDA:1,anonymous_2
FNDA:1,anonymous_3
FNDA:1,anonymous_4
FNDA:1,anonymous_5
FNF:6
FNH:6
BRDA:1,0,0,5
BRDA:6,1,0,2
BRDA:7,2,0,1
BRDA:7,3,0,1
BRDA:14,4,0,2
BRDA:17,5,0,1
BRDA:17,6,0,1
BRDA:18,7,0,1
BRDA:18,8,0,1
BRDA:19,9,0,0
BRDA:20,10,0,1
BRDA:21,11,0,1
BRDA:21,12,0,1
BRDA:25,13,0,1
BRDA:31,14,0,1
BRDA:33,15,0,1
BRDA:33,16,0,1
BRDA:33,17,0,1
BRDA:33,18,0,1
BRDA:33,19,0,1
BRDA:36,20,0,0
BRDA:38,21,0,1
BRDA:39,22,0,0
BRDA:41,23,0,1
BRDA:47,24,0,1
BRDA:48,25,0,1
BRDA:59,26,0,0
BRDA:69,27,0,1
BRDA:72,28,0,0
BRDA:78,29,0,0
BRDA:86,30,0,0
BRDA:92,31,0,0
BRDA:120,32,0,0
BRDA:122,33,0,0
BRDA:129,34,0,1
BRDA:130,35,0,1
BRDA:137,36,0,1
BRF:37
BRH:27
DA:1,5
DA:2,5
DA:3,5
DA:4,5
DA:5,5
DA:6,2
DA:7,2
DA:8,1
DA:9,1
DA:10,1
DA:11,2
DA:12,5
DA:13,5
DA:14,5
DA:15,2
DA:16,2
DA:17,2
DA:18,2
DA:19,2
DA:20,2
DA:21,2
DA:22,2
DA:23,2
DA:24,2
DA:25,2
DA:26,2
DA:27,2
DA:28,2
DA:29,2
DA:30,2
DA:31,2
DA:32,2
DA:33,2
DA:34,1
DA:35,1
DA:36,2
DA:37,0
DA:38,0
DA:39,2
DA:40,0
DA:41,0
DA:42,1
DA:43,1
DA:44,1
DA:45,1
DA:46,1
DA:47,2
DA:48,2
DA:49,1
DA:50,1
DA:51,1
DA:52,1
DA:53,1
DA:54,1
DA:55,1
DA:56,1
DA:57,1
DA:58,1
DA:59,2
DA:60,0
DA:61,0
DA:62,0
DA:63,0
DA:64,0
DA:65,0
DA:66,5
DA:67,5
DA:68,5
DA:69,5
DA:70,1
DA:71,1
DA:72,1
DA:73,0
DA:74,0
DA:75,1
DA:76,1
DA:77,1
DA:78,1
DA:79,0
DA:80,0
DA:81,1
DA:82,1
DA:83,1
DA:84,1
DA:85,1
DA:86,1
DA:87,0
DA:88,1
DA:89,1
DA:90,1
DA:91,1
DA:92,1
DA:93,0
DA:94,0
DA:95,1
DA:96,1
DA:97,1
DA:98,1
DA:99,1
DA:100,1
DA:101,1
DA:102,1
DA:103,1
DA:104,1
DA:105,1
DA:106,1
DA:107,1
DA:108,1
DA:109,1
DA:110,1
DA:111,1
DA:112,1
DA:113,1
DA:114,1
DA:115,1
DA:116,1
DA:117,1
DA:118,1
DA:119,1
DA:120,1
DA:121,1
DA:122,1
DA:123,0
DA:124,0
DA:125,0
DA:126,5
DA:127,5
DA:128,5
DA:129,5
DA:130,1
DA:131,1
DA:132,1
DA:133,1
DA:134,5
DA:135,5
DA:136,5
DA:137,5
DA:138,1
DA:139,5
DA:140,5
DA:141,5
LH:121
LF:141
end_of_record
SF:src/backend/routes/checkups.js
FN:15,destination
FN:16,filename
FN:21,ensureFollowupUserRoleColumn
FN:57,anonymous_3
FN:90,anonymous_4
FN:137,anonymous_5
FN:170,anonymous_6
FNDA:0,destination
FNDA:0,filename
FNDA:3,ensureFollowupUserRoleColumn
FNDA:1,anonymous_3
FNDA:1,anonymous_4
FNDA:1,anonymous_5
FNDA:1,anonymous_6
FNF:7
FNH:5
BRDA:1,0,0,3
BRDA:21,1,0,3
BRDA:22,2,0,0
BRDA:33,3,0,0
BRDA:49,4,0,0
BRDA:57,5,0,1
BRDA:61,6,0,0
BRDA:130,7,0,0
BRDA:90,8,0,1
BRDA:119,9,0,0
BRDA:122,10,0,0
BRDA:137,11,0,1
BRDA:149,12,0,0
BRDA:152,13,0,0
BRDA:152,14,0,0
BRDA:155,15,0,0
BRDA:160,16,0,0
BRDA:161,17,0,0
BRDA:170,18,0,1
BRDA:173,19,0,0
BRDA:181,20,0,0
BRDA:183,21,0,0
BRDA:191,22,0,0
BRDA:195,23,0,0
BRDA:202,24,0,0
BRF:25
BRH:6
DA:1,3
DA:2,3
DA:3,3
DA:4,3
DA:5,3
DA:6,3
DA:7,3
DA:8,3
DA:9,3
DA:10,3
DA:11,3
DA:12,3
DA:13,3
DA:14,3
DA:15,3
DA:16,3
DA:17,3
DA:18,3
DA:19,3
DA:20,3
DA:21,3
DA:22,3
DA:23,3
DA:24,3
DA:25,3
DA:26,3
DA:27,3
DA:28,3
DA:29,3
DA:30,3
DA:31,3
DA:32,3
DA:33,3
DA:34,0
DA:35,0
DA:36,0
DA:37,0
DA:38,0
DA:39,3
DA:40,3
DA:41,3
DA:42,3
DA:43,3
DA:44,3
DA:45,3
DA:46,3
DA:47,3
DA:48,3
DA:49,3
DA:50,0
DA:51,0
DA:52,3
DA:53,3
DA:54,3
DA:55,3
DA:56,3
DA:57,3
DA:58,1
DA:59,1
DA:60,1
DA:61,1
DA:62,1
DA:63,1
DA:64,1
DA:65,1
DA:66,1
DA:67,1
DA:68,1
DA:69,1
DA:70,1
DA:71,1
DA:72,1
DA:73,1
DA:74,1
DA:75,1
DA:76,1
DA:77,1
DA:78,1
DA:79,1
DA:80,1
DA:81,1
DA:82,1
DA:83,1
DA:84,1
DA:85,1
DA:86,1
DA:87,1
DA:88,1
DA:89,1
DA:90,1
DA:91,1
DA:92,1
DA:93,1
DA:94,1
DA:95,1
DA:96,1
DA:97,1
DA:98,1
DA:99,1
DA:100,1
DA:101,1
DA:102,1
DA:103,1
DA:104,1
DA:105,1
DA:106,1
DA:107,1
DA:108,1
DA:109,1
DA:110,1
DA:111,1
DA:112,1
DA:113,1
DA:114,1
DA:115,1
DA:116,1
DA:117,1
DA:118,1
DA:119,1
DA:120,1
DA:121,1
DA:122,1
DA:123,1
DA:124,1
DA:125,1
DA:126,1
DA:127,1
DA:128,1
DA:129,1
DA:130,1
DA:131,0
DA:132,0
DA:133,0
DA:134,3
DA:135,3
DA:136,3
DA:137,3
DA:138,1
DA:139,1
DA:140,1
DA:141,1
DA:142,1
DA:143,1
DA:144,1
DA:145,1
DA:146,1
DA:147,1
DA:148,1
DA:149,1
DA:150,0
DA:151,0
DA:152,1
DA:153,0
DA:154,0
DA:155,1
DA:156,1
DA:157,1
DA:158,1
DA:159,1
DA:160,1
DA:161,1
DA:162,0
DA:163,0
DA:164,0
DA:165,0
DA:166,0
DA:167,3
DA:168,3
DA:169,3
DA:170,3
DA:171,1
DA:172,1
DA:173,1
DA:174,0
DA:175,0
DA:176,1
DA:177,1
DA:178,1
DA:179,1
DA:180,1
DA:181,1
DA:182,0
DA:183,1
DA:184,0
DA:185,0
DA:186,0
DA:187,0
DA:188,0
DA:189,0
DA:190,0
DA:191,1
DA:192,0
DA:193,0
DA:194,0
DA:195,1
DA:196,1
DA:197,1
DA:198,1
DA:199,1
DA:200,1
DA:201,1
DA:202,1
DA:203,0
DA:204,0
DA:205,0
DA:206,0
DA:207,0
DA:208,0
DA:209,0
DA:210,0
DA:211,0
DA:212,0
DA:213,0
DA:214,0
DA:215,3
DA:216,3
DA:217,3
LH:173
LF:217
end_of_record
SF:src/backend/routes/dogs.js
FN:9,destination
FN:10,filename
FN:21,resolveImageUrl
FN:30,resolveDogName
FN:35,toApi
FN:36,toDB
FN:39,anonymous_6
FN:62,anonymous_7
FN:78,anonymous_8
FN:110,anonymous_9
FN:141,anonymous_10
FN:152,anonymous_11
FN:169,anonymous_12
FN:185,normalise
FNDA:0,destination
FNDA:0,filename
FNDA:2,resolveImageUrl
FNDA:1,resolveDogName
FNDA:1,toApi
FNDA:1,toDB
FNDA:1,anonymous_6
FNDA:1,anonymous_7
FNDA:1,anonymous_8
FNDA:1,anonymous_9
FNDA:1,anonymous_10
FNDA:1,anonymous_11
FNDA:1,anonymous_12
FNDA:1,normalise
FNF:14
FNH:12
BRDA:1,0,0,7
BRDA:21,1,0,2
BRDA:24,2,0,0
BRDA:25,3,0,0
BRDA:30,4,0,1
BRDA:31,5,0,0
BRDA:31,6,0,0
BRDA:35,7,0,1
BRDA:35,8,0,0
BRDA:36,9,0,1
BRDA:36,10,0,0
BRDA:39,11,0,1
BRDA:47,12,0,0
BRDA:48,13,0,0
BRDA:49,14,0,0
BRDA:55,15,0,0
BRDA:62,16,0,1
BRDA:69,17,0,0
BRDA:78,18,0,1
BRDA:81,19,0,0
BRDA:92,20,0,0
BRDA:94,21,0,0
BRDA:103,22,0,0
BRDA:110,23,0,1
BRDA:116,24,0,0
BRDA:117,25,0,0
BRDA:118,26,0,0
BRDA:119,27,0,0
BRDA:120,28,0,0
BRDA:121,29,0,0
BRDA:122,30,0,0
BRDA:123,31,0,0
BRDA:124,32,0,0
BRDA:128,33,0,0
BRDA:130,34,0,0
BRDA:141,35,0,1
BRDA:145,36,0,0
BRDA:152,37,0,1
BRDA:155,38,0,0
BRDA:159,39,0,0
BRDA:160,40,0,0
BRDA:169,41,0,1
BRDA:172,42,0,0
BRDA:174,43,0,0
BRDA:176,44,0,0
BRDA:177,45,0,0
BRDA:185,46,0,1
BRDA:192,47,0,0
BRF:48
BRH:13
DA:1,7
DA:2,7
DA:3,7
DA:4,7
DA:5,7
DA:6,7
DA:7,7
DA:8,7
DA:9,7
DA:10,7
DA:11,7
DA:12,7
DA:13,7
DA:14,7
DA:15,7
DA:16,7
DA:17,7
DA:18,7
DA:19,7
DA:20,7
DA:21,2
DA:22,2
DA:23,2
DA:24,2
DA:25,2
DA:26,2
DA:27,2
DA:28,7
DA:29,7
DA:30,1
DA:31,1
DA:32,1
DA:33,7
DA:34,7
DA:35,7
DA:36,7
DA:37,7
DA:38,7
DA:39,7
DA:40,1
DA:41,1
DA:42,1
DA:43,1
DA:44,1
DA:45,1
DA:46,1
DA:47,1
DA:48,1
DA:49,1
DA:50,0
DA:51,1
DA:52,1
DA:53,1
DA:54,1
DA:55,1
DA:56,0
DA:57,0
DA:58,0
DA:59,7
DA:60,7
DA:61,7
DA:62,7
DA:63,1
DA:64,1
DA:65,1
DA:66,1
DA:67,1
DA:68,1
DA:69,1
DA:70,0
DA:71,0
DA:72,0
DA:73,0
DA:74,0
DA:75,7
DA:76,7
DA:77,7
DA:78,7
DA:79,1
DA:80,1
DA:81,1
DA:82,1
DA:83,1
DA:84,1
DA:85,1
DA:86,1
DA:87,1
DA:88,1
DA:89,1
DA:90,1
DA:91,1
DA:92,1
DA:93,1
DA:94,1
DA:95,1
DA:96,1
DA:97,1
DA:98,1
DA:99,1
DA:100,1
DA:101,1
DA:102,1
DA:103,1
DA:104,0
DA:105,0
DA:106,0
DA:107,7
DA:108,7
DA:109,7
DA:110,7
DA:111,1
DA:112,1
DA:113,1
DA:114,1
DA:115,1
DA:116,1
DA:117,1
DA:118,1
DA:119,1
DA:120,1
DA:121,1
DA:122,1
DA:123,1
DA:124,1
DA:125,1
DA:126,1
DA:127,1
DA:128,1
DA:129,1
DA:130,1
DA:131,0
DA:132,0
DA:133,0
DA:134,0
DA:135,0
DA:136,0
DA:137,0
DA:138,7
DA:139,7
DA:140,7
DA:141,7
DA:142,1
DA:143,1
DA:144,1
DA:145,1
DA:146,0
DA:147,0
DA:148,0
DA:149,7
DA:150,7
DA:151,7
DA:152,7
DA:153,1
DA:154,1
DA:155,1
DA:156,0
DA:157,0
DA:158,0
DA:159,1
DA:160,1
DA:161,0
DA:162,0
DA:163,0
DA:164,0
DA:165,0
DA:166,7
DA:167,7
DA:168,7
DA:169,7
DA:170,1
DA:171,1
DA:172,1
DA:173,1
DA:174,1
DA:175,0
DA:176,1
DA:177,1
DA:178,0
DA:179,0
DA:180,0
DA:181,0
DA:182,0
DA:183,7
DA:184,7
DA:185,1
DA:186,1
DA:187,1
DA:188,1
DA:189,1
DA:190,1
DA:191,1
DA:192,1
DA:193,1
DA:194,1
DA:195,1
DA:196,1
DA:197,1
DA:198,1
DA:199,1
DA:200,1
DA:201,1
DA:202,1
DA:203,7
DA:204,7
LH:168
LF:204
end_of_record
SF:src/backend/routes/favourites.js
FN:6,anonymous_0
FN:13,anonymous_1
FN:21,anonymous_2
FN:36,anonymous_3
FNDA:1,anonymous_0
FNDA:1,anonymous_1
FNDA:1,anonymous_2
FNDA:1,anonymous_3
FNF:4
FNH:4
BRDA:1,0,0,3
BRDA:6,1,0,1
BRDA:14,2,0,0
BRDA:13,3,0,1
BRDA:21,4,0,1
BRDA:29,5,0,0
BRDA:36,6,0,1
BRDA:44,7,0,0
BRF:8
BRH:5
DA:1,3
DA:2,3
DA:3,3
DA:4,3
DA:5,3
DA:6,3
DA:7,1
DA:8,1
DA:9,1
DA:10,1
DA:11,1
DA:12,1
DA:13,1
DA:14,1
DA:15,0
DA:16,0
DA:17,0
DA:18,3
DA:19,3
DA:20,3
DA:21,3
DA:22,1
DA:23,1
DA:24,1
DA:25,1
DA:26,1
DA:27,1
DA:28,1
DA:29,1
DA:30,0
DA:31,0
DA:32,0
DA:33,3
DA:34,3
DA:35,3
DA:36,3
DA:37,1
DA:38,1
DA:39,1
DA:40,1
DA:41,1
DA:42,1
DA:43,1
DA:44,1
DA:45,0
DA:46,0
DA:47,0
DA:48,3
DA:49,3
DA:50,3
LH:41
LF:50
end_of_record
SF:src/backend/routes/reports.js
FN:5,getSummaryData
FN:41,buildAiSummary
FN:76,anonymous_2
FN:87,anonymous_3
FN:103,anonymous_4
FNDA:2,getSummaryData
FNDA:1,buildAiSummary
FNDA:1,anonymous_2
FNDA:1,anonymous_3
FNDA:1,anonymous_4
FNF:5
FNH:5
BRDA:1,0,0,3
BRDA:5,1,0,2
BRDA:41,2,0,1
BRDA:42,3,0,0
BRDA:43,4,0,0
BRDA:44,5,0,0
BRDA:45,6,0,0
BRDA:49,7,0,0
BRDA:50,8,0,0
BRDA:51,9,0,0
BRDA:52,10,0,0
BRDA:53,11,0,0
BRDA:54,12,0,0
BRDA:55,13,0,0
BRDA:56,14,0,0
BRDA:60,15,0,0
BRDA:60,16,0,0
BRDA:66,17,0,0
BRDA:66,18,0,0
BRDA:68,19,0,0
BRDA:76,20,0,1
BRDA:80,21,0,0
BRDA:87,22,0,1
BRDA:96,23,0,0
BRDA:103,24,0,1
BRDA:136,25,0,0
BRF:26
BRH:6
DA:1,3
DA:2,3
DA:3,3
DA:4,3
DA:5,2
DA:6,2
DA:7,2
DA:8,2
DA:9,2
DA:10,2
DA:11,2
DA:12,2
DA:13,2
DA:14,2
DA:15,2
DA:16,2
DA:17,2
DA:18,2
DA:19,2
DA:20,2
DA:21,2
DA:22,2
DA:23,2
DA:24,2
DA:25,2
DA:26,2
DA:27,2
DA:28,2
DA:29,2
DA:30,2
DA:31,2
DA:32,2
DA:33,2
DA:34,2
DA:35,2
DA:36,2
DA:37,2
DA:38,2
DA:39,2
DA:40,3
DA:41,1
DA:42,1
DA:43,1
DA:44,1
DA:45,1
DA:46,1
DA:47,1
DA:48,1
DA:49,1
DA:50,1
DA:51,1
DA:52,1
DA:53,1
DA:54,1
DA:55,1
DA:56,1
DA:57,1
DA:58,1
DA:59,1
DA:60,1
DA:61,0
DA:62,1
DA:63,1
DA:64,1
DA:65,1
DA:66,1
DA:67,1
DA:68,1
DA:69,0
DA:70,0
DA:71,1
DA:72,1
DA:73,1
DA:74,3
DA:75,3
DA:76,3
DA:77,1
DA:78,1
DA:79,1
DA:80,1
DA:81,0
DA:82,0
DA:83,0
DA:84,3
DA:85,3
DA:86,3
DA:87,3
DA:88,1
DA:89,1
DA:90,1
DA:91,1
DA:92,1
DA:93,1
DA:94,1
DA:95,1
DA:96,1
DA:97,0
DA:98,0
DA:99,0
DA:100,3
DA:101,3
DA:102,3
DA:103,3
DA:104,1
DA:105,1
DA:106,1
DA:107,1
DA:108,1
DA:109,1
DA:110,1
DA:111,1
DA:112,1
DA:113,1
DA:114,1
DA:115,1
DA:116,1
DA:117,1
DA:118,1
DA:119,1
DA:120,1
DA:121,1
DA:122,1
DA:123,1
DA:124,1
DA:125,1
DA:126,1
DA:127,1
DA:128,1
DA:129,1
DA:130,1
DA:131,1
DA:132,1
DA:133,1
DA:134,1
DA:135,1
DA:136,1
DA:137,0
DA:138,0
DA:139,0
DA:140,3
DA:141,3
DA:142,3
LH:130
LF:142
end_of_record
SF:src/backend/routes/sponsors.js
FN:8,destination
FN:9,filename
FN:14,fileFilter
FN:20,mapSponsorRow
FN:35,anonymous_4
FN:55,anonymous_5
FN:79,router.post.donation_amount.donation_amount
FN:92,anonymous_7
FNDA:0,destination
FNDA:0,filename
FNDA:0,fileFilter
FNDA:1,mapSponsorRow
FNDA:1,anonymous_4
FNDA:1,anonymous_5
FNDA:0,router.post.donation_amount.donation_amount
FNDA:1,anonymous_7
FNF:8
FNH:4
BRDA:1,0,0,3
BRDA:20,1,0,1
BRDA:24,2,0,0
BRDA:25,3,0,0
BRDA:25,4,0,0
BRDA:26,5,0,0
BRDA:35,6,0,1
BRDA:48,7,0,0
BRDA:55,8,0,1
BRDA:71,9,0,0
BRDA:72,10,0,0
BRDA:92,11,0,1
BRDA:98,12,0,0
BRDA:100,13,0,0
BRDA:103,14,0,0
BRF:15
BRH:5
DA:1,3
DA:2,3
DA:3,3
DA:4,3
DA:5,3
DA:6,3
DA:7,3
DA:8,3
DA:9,3
DA:10,3
DA:11,3
DA:12,3
DA:13,3
DA:14,3
DA:15,0
DA:16,0
DA:17,3
DA:18,3
DA:19,3
DA:20,1
DA:21,1
DA:22,1
DA:23,1
DA:24,1
DA:25,1
DA:26,1
DA:27,1
DA:28,1
DA:29,1
DA:30,1
DA:31,1
DA:32,1
DA:33,3
DA:34,3
DA:35,3
DA:36,1
DA:37,1
DA:38,1
DA:39,1
DA:40,1
DA:41,1
DA:42,1
DA:43,1
DA:44,1
DA:45,1
DA:46,1
DA:47,1
DA:48,1
DA:49,0
DA:50,0
DA:51,0
DA:52,3
DA:53,3
DA:54,3
DA:55,3
DA:56,1
DA:57,1
DA:58,1
DA:59,1
DA:60,1
DA:61,1
DA:62,1
DA:63,1
DA:64,1
DA:65,1
DA:66,1
DA:67,1
DA:68,1
DA:69,1
DA:70,1
DA:71,1
DA:72,1
DA:73,0
DA:74,0
DA:75,0
DA:76,3
DA:77,3
DA:78,3
DA:79,3
DA:80,0
DA:81,0
DA:82,0
DA:83,0
DA:84,0
DA:85,0
DA:86,0
DA:87,0
DA:88,0
DA:89,0
DA:90,0
DA:91,0
DA:92,3
DA:93,1
DA:94,1
DA:95,1
DA:96,1
DA:97,1
DA:98,1
DA:99,0
DA:100,1
DA:101,1
DA:102,1
DA:103,1
DA:104,0
DA:105,0
DA:106,0
DA:107,0
DA:108,0
DA:109,0
DA:110,0
DA:111,0
DA:112,0
DA:113,0
DA:114,0
DA:115,0
DA:116,0
DA:117,0
DA:118,0
DA:119,0
DA:120,0
DA:121,0
DA:122,0
DA:123,0
DA:124,3
DA:125,3
DA:126,3
LH:85
LF:126
end_of_record
SF:src/backend/routes/verify.js
FN:11,anonymous_0
FN:27,anonymous_1
FN:44,anonymous_2
FN:60,anonymous_3
FNDA:1,anonymous_0
FNDA:1,anonymous_1
FNDA:1,anonymous_2
FNDA:1,anonymous_3
FNF:4
FNH:4
BRDA:1,0,0,4
BRDA:11,1,0,1
BRDA:14,2,0,0
BRDA:20,3,0,0
BRDA:27,4,0,1
BRDA:30,5,0,0
BRDA:37,6,0,0
BRDA:44,7,0,1
BRDA:47,8,0,0
BRDA:52,9,0,0
BRDA:53,10,0,0
BRDA:60,11,0,1
BRDA:63,12,0,0
BRDA:73,13,0,0
BRDA:104,14,0,0
BRDA:105,15,0,0
BRDA:110,16,0,0
BRDA:116,17,0,0
BRDA:121,18,0,0
BRF:19
BRH:5
DA:1,4
DA:2,4
DA:3,4
DA:4,4
DA:5,4
DA:6,4
DA:7,4
DA:8,4
DA:9,4
DA:10,4
DA:11,4
DA:12,1
DA:13,1
DA:14,1
DA:15,0
DA:16,0
DA:17,0
DA:18,0
DA:19,1
DA:20,1
DA:21,0
DA:22,0
DA:23,0
DA:24,4
DA:25,4
DA:26,4
DA:27,4
DA:28,1
DA:29,1
DA:30,1
DA:31,1
DA:32,1
DA:33,1
DA:34,1
DA:35,1
DA:36,1
DA:37,1
DA:38,0
DA:39,0
DA:40,0
DA:41,4
DA:42,4
DA:43,4
DA:44,4
DA:45,1
DA:46,1
DA:47,1
DA:48,1
DA:49,1
DA:50,1
DA:51,1
DA:52,1
DA:53,1
DA:54,0
DA:55,0
DA:56,0
DA:57,4
DA:58,4
DA:59,4
DA:60,4
DA:61,1
DA:62,1
DA:63,1
DA:64,1
DA:65,1
DA:66,1
DA:67,1
DA:68,1
DA:69,1
DA:70,1
DA:71,1
DA:72,1
DA:73,1
DA:74,1
DA:75,1
DA:76,1
DA:77,1
DA:78,1
DA:79,1
DA:80,1
DA:81,1
DA:82,1
DA:83,1
DA:84,1
DA:85,1
DA:86,1
DA:87,1
DA:88,1
DA:89,1
DA:90,1
DA:91,1
DA:92,1
DA:93,1
DA:94,1
DA:95,1
DA:96,1
DA:97,1
DA:98,1
DA:99,1
DA:100,1
DA:101,1
DA:102,1
DA:103,1
DA:104,1
DA:105,1
DA:106,1
DA:107,1
DA:108,1
DA:109,1
DA:110,1
DA:111,1
DA:112,1
DA:113,1
DA:114,1
DA:115,1
DA:116,1
DA:117,1
DA:118,1
DA:119,1
DA:120,1
DA:121,1
DA:122,0
DA:123,0
DA:124,0
DA:125,4
DA:126,4
DA:127,4
LH:111
LF:127
end_of_record
