TN:
SF:implementations/src/backend/middleware/auth.js
FN:11,requireAuth
FN:25,requireRole
FN:26,anonymous_2
FN:31,anonymous_3
FNDA:26,requireAuth
FNDA:199,requireRole
FNDA:41,anonymous_2
FNDA:75,anonymous_3
FNF:4
FNH:4
BRDA:1,0,0,1
BRDA:11,1,0,26
BRDA:12,2,0,25
BRDA:12,3,0,1
BRDA:14,4,0,25
BRDA:25,5,0,199
BRDA:26,6,0,41
BRDA:27,7,0,0
BRDA:30,8,0,0
BRDA:31,9,0,1
BRDA:33,10,0,40
BRDA:31,11,0,75
BRF:12
BRH:10
DA:1,1
DA:2,1
DA:3,1
DA:4,1
DA:5,1
DA:6,1
DA:7,1
DA:8,1
DA:9,1
DA:10,1
DA:11,26
DA:12,26
DA:13,1
DA:14,1
DA:15,25
DA:16,26
DA:17,1
DA:18,1
DA:19,1
DA:20,1
DA:21,1
DA:22,1
DA:23,1
DA:24,1
DA:25,199
DA:26,199
DA:27,41
DA:28,0
DA:29,0
DA:30,41
DA:31,41
DA:32,1
DA:33,1
DA:34,40
DA:35,199
DA:36,199
DA:37,1
DA:38,1
LH:36
LF:38
end_of_record
SF:implementations/src/backend/routes/adoptions.js
FN:26,hasAdoptionDetailsTable
FN:63,anonymous_1
FN:88,anonymous_2
FN:111,anonymous_3
FN:179,anonymous_4
FN:252,normalise
FNDA:11,hasAdoptionDetailsTable
FNDA:2,anonymous_1
FNDA:2,anonymous_2
FNDA:7,anonymous_3
FNDA:6,anonymous_4
FNDA:2,normalise
FNF:6
FNH:6
BRDA:1,0,0,17
BRDA:26,1,0,11
BRDA:27,2,0,0
BRDA:31,3,0,0
BRDA:63,4,0,2
BRDA:70,5,0,0
BRDA:74,6,0,0
BRDA:77,7,0,1
BRDA:79,8,0,1
BRDA:88,9,0,2
BRDA:94,10,0,0
BRDA:98,11,0,0
BRDA:102,12,0,1
BRDA:111,13,0,7
BRDA:115,14,0,1
BRDA:115,15,0,6
BRDA:123,16,0,5
BRDA:124,17,0,1
BRDA:124,18,0,4
BRDA:125,19,0,0
BRDA:126,20,0,1
BRDA:128,21,0,3
BRDA:135,22,0,1
BRDA:137,23,0,2
BRDA:146,24,0,1
BRDA:146,25,0,1
BRDA:147,26,0,0
BRDA:147,27,0,0
BRDA:148,28,0,1
BRDA:148,29,0,1
BRDA:150,30,0,2
BRDA:150,31,0,1
BRDA:179,32,0,6
BRDA:182,33,0,0
BRDA:182,34,0,0
BRDA:183,35,0,2
BRDA:184,36,0,5
BRDA:186,37,0,2
BRDA:186,38,0,1
BRDA:188,39,0,5
BRDA:192,40,0,4
BRDA:193,41,0,1
BRDA:193,42,0,3
BRDA:196,43,0,2
BRDA:198,44,0,0
BRDA:198,45,0,1
BRDA:229,46,0,1
BRDA:232,47,0,0
BRDA:240,48,0,0
BRDA:242,49,0,2
BRDA:244,50,0,1
BRDA:244,51,0,1
BRDA:245,52,0,1
BRDA:252,53,0,2
BRDA:265,54,0,0
BRDA:268,55,0,0
BRDA:269,56,0,0
BRF:57
BRH:40
DA:1,17
DA:2,17
DA:3,17
DA:4,17
DA:5,17
DA:6,17
DA:7,17
DA:8,17
DA:9,17
DA:10,17
DA:11,17
DA:12,17
DA:13,17
DA:14,17
DA:15,17
DA:16,17
DA:17,17
DA:18,17
DA:19,17
DA:20,17
DA:21,17
DA:22,17
DA:23,17
DA:24,17
DA:25,17
DA:26,11
DA:27,11
DA:28,11
DA:29,11
DA:30,11
DA:31,11
DA:32,0
DA:33,0
DA:34,0
DA:35,0
DA:36,0
DA:37,0
DA:38,0
DA:39,0
DA:40,0
DA:41,0
DA:42,0
DA:43,0
DA:44,0
DA:45,0
DA:46,0
DA:47,0
DA:48,0
DA:49,0
DA:50,0
DA:51,0
DA:52,0
DA:53,0
DA:54,0
DA:55,0
DA:56,11
DA:57,11
DA:58,11
DA:59,11
DA:60,11
DA:61,17
DA:62,17
DA:63,17
DA:64,2
DA:65,2
DA:66,2
DA:67,2
DA:68,2
DA:69,2
DA:70,2
DA:71,2
DA:72,2
DA:73,2
DA:74,2
DA:75,2
DA:76,2
DA:77,2
DA:78,2
DA:79,2
DA:80,1
DA:81,1
DA:82,1
DA:83,1
DA:84,1
DA:85,17
DA:86,17
DA:87,17
DA:88,17
DA:89,2
DA:90,2
DA:91,2
DA:92,2
DA:93,2
DA:94,2
DA:95,2
DA:96,2
DA:97,2
DA:98,2
DA:99,2
DA:100,2
DA:101,2
DA:102,2
DA:103,1
DA:104,1
DA:105,1
DA:106,1
DA:107,1
DA:108,17
DA:109,17
DA:110,17
DA:111,17
DA:112,7
DA:113,7
DA:114,7
DA:115,7
DA:116,6
DA:117,6
DA:118,6
DA:119,6
DA:120,6
DA:121,6
DA:122,6
DA:123,6
DA:124,7
DA:125,7
DA:126,7
DA:127,1
DA:128,1
DA:129,3
DA:130,3
DA:131,3
DA:132,3
DA:133,3
DA:134,3
DA:135,7
DA:136,1
DA:137,1
DA:138,2
DA:139,2
DA:140,2
DA:141,2
DA:142,2
DA:143,2
DA:144,2
DA:145,2
DA:146,7
DA:147,7
DA:148,7
DA:149,7
DA:150,7
DA:151,1
DA:152,1
DA:153,1
DA:154,1
DA:155,1
DA:156,1
DA:157,1
DA:158,1
DA:159,1
DA:160,1
DA:161,1
DA:162,1
DA:163,1
DA:164,1
DA:165,1
DA:166,1
DA:167,1
DA:168,1
DA:169,1
DA:170,1
DA:171,1
DA:172,1
DA:173,1
DA:174,1
DA:175,1
DA:176,17
DA:177,17
DA:178,17
DA:179,17
DA:180,6
DA:181,6
DA:182,6
DA:183,6
DA:184,6
DA:185,6
DA:186,6
DA:187,1
DA:188,1
DA:189,5
DA:190,5
DA:191,5
DA:192,5
DA:193,6
DA:194,3
DA:195,3
DA:196,6
DA:197,2
DA:198,2
DA:199,1
DA:200,1
DA:201,1
DA:202,1
DA:203,1
DA:204,1
DA:205,1
DA:206,1
DA:207,1
DA:208,1
DA:209,1
DA:210,1
DA:211,1
DA:212,1
DA:213,1
DA:214,1
DA:215,1
DA:216,1
DA:217,1
DA:218,1
DA:219,1
DA:220,1
DA:221,1
DA:222,1
DA:223,1
DA:224,1
DA:225,1
DA:226,1
DA:227,1
DA:228,1
DA:229,6
DA:230,1
DA:231,1
DA:232,1
DA:233,1
DA:234,1
DA:235,1
DA:236,1
DA:237,1
DA:238,1
DA:239,1
DA:240,1
DA:241,1
DA:242,1
DA:243,2
DA:244,6
DA:245,6
DA:246,1
DA:247,1
DA:248,1
DA:249,17
DA:250,17
DA:251,17
DA:252,2
DA:253,2
DA:254,2
DA:255,2
DA:256,2
DA:257,2
DA:258,2
DA:259,2
DA:260,2
DA:261,2
DA:262,2
DA:263,2
DA:264,2
DA:265,2
DA:266,2
DA:267,2
DA:268,2
DA:269,2
DA:270,2
DA:271,2
DA:272,2
DA:273,2
DA:274,17
DA:275,17
LH:251
LF:275
end_of_record
SF:implementations/src/backend/routes/appointments.js
FN:17,ensureStaffConfirmColumn
FN:44,anonymous_1
FN:83,anonymous_2
FN:139,anonymous_3
FN:184,normalise
FNDA:14,ensureStaffConfirmColumn
FNDA:3,anonymous_1
FNDA:7,anonymous_2
FNDA:4,anonymous_3
FNDA:2,normalise
FNF:5
FNH:5
BRDA:1,0,0,14
BRDA:17,1,0,14
BRDA:18,2,0,0
BRDA:22,3,0,0
BRDA:44,4,0,3
BRDA:48,5,0,0
BRDA:55,6,0,0
BRDA:68,7,0,2
BRDA:74,8,0,2
BRDA:76,9,0,1
BRDA:83,10,0,7
BRDA:87,11,0,6
BRDA:87,12,0,1
BRDA:89,13,0,6
BRDA:97,14,0,5
BRDA:98,15,0,1
BRDA:98,16,0,4
BRDA:99,17,0,1
BRDA:101,18,0,3
BRDA:102,19,0,0
BRDA:103,20,0,3
BRDA:103,21,0,1
BRDA:105,22,0,2
BRDA:111,23,0,1
BRDA:123,24,0,0
BRDA:129,25,0,2
BRDA:132,26,0,1
BRDA:139,27,0,4
BRDA:143,28,0,3
BRDA:145,29,0,1
BRDA:146,30,0,0
BRDA:154,31,0,3
BRDA:156,32,0,0
BRDA:157,33,0,1
BRDA:159,34,0,2
BRDA:160,35,0,1
BRDA:160,36,0,1
BRDA:164,37,0,0
BRDA:172,38,0,1
BRDA:184,39,0,2
BRDA:186,40,0,0
BRDA:188,41,0,0
BRDA:189,42,0,0
BRF:43
BRH:31
DA:1,14
DA:2,14
DA:3,14
DA:4,14
DA:5,14
DA:6,14
DA:7,14
DA:8,14
DA:9,14
DA:10,14
DA:11,14
DA:12,14
DA:13,14
DA:14,14
DA:15,14
DA:16,14
DA:17,14
DA:18,14
DA:19,14
DA:20,14
DA:21,14
DA:22,14
DA:23,0
DA:24,0
DA:25,0
DA:26,0
DA:27,0
DA:28,0
DA:29,0
DA:30,0
DA:31,0
DA:32,0
DA:33,0
DA:34,0
DA:35,14
DA:36,14
DA:37,14
DA:38,14
DA:39,14
DA:40,14
DA:41,14
DA:42,14
DA:43,14
DA:44,14
DA:45,3
DA:46,3
DA:47,3
DA:48,3
DA:49,3
DA:50,3
DA:51,3
DA:52,3
DA:53,3
DA:54,3
DA:55,3
DA:56,3
DA:57,3
DA:58,3
DA:59,3
DA:60,3
DA:61,3
DA:62,3
DA:63,3
DA:64,3
DA:65,3
DA:66,3
DA:67,3
DA:68,3
DA:69,2
DA:70,2
DA:71,2
DA:72,3
DA:73,3
DA:74,3
DA:75,2
DA:76,3
DA:77,1
DA:78,1
DA:79,1
DA:80,14
DA:81,14
DA:82,14
DA:83,14
DA:84,7
DA:85,7
DA:86,7
DA:87,7
DA:88,1
DA:89,1
DA:90,6
DA:91,6
DA:92,6
DA:93,6
DA:94,6
DA:95,6
DA:96,6
DA:97,6
DA:98,7
DA:99,7
DA:100,1
DA:101,1
DA:102,7
DA:103,7
DA:104,1
DA:105,1
DA:106,2
DA:107,2
DA:108,2
DA:109,2
DA:110,2
DA:111,7
DA:112,1
DA:113,1
DA:114,1
DA:115,1
DA:116,1
DA:117,1
DA:118,1
DA:119,1
DA:120,1
DA:121,1
DA:122,1
DA:123,1
DA:124,0
DA:125,0
DA:126,0
DA:127,0
DA:128,0
DA:129,1
DA:130,2
DA:131,2
DA:132,7
DA:133,1
DA:134,1
DA:135,1
DA:136,14
DA:137,14
DA:138,14
DA:139,14
DA:140,4
DA:141,4
DA:142,4
DA:143,4
DA:144,4
DA:145,4
DA:146,1
DA:147,0
DA:148,0
DA:149,1
DA:150,1
DA:151,1
DA:152,1
DA:153,1
DA:154,1
DA:155,3
DA:156,4
DA:157,4
DA:158,1
DA:159,1
DA:160,4
DA:161,1
DA:162,1
DA:163,1
DA:164,1
DA:165,0
DA:166,0
DA:167,0
DA:168,0
DA:169,0
DA:170,0
DA:171,0
DA:172,1
DA:173,1
DA:174,1
DA:175,1
DA:176,1
DA:177,1
DA:178,1
DA:179,1
DA:180,1
DA:181,1
DA:182,14
DA:183,14
DA:184,2
DA:185,2
DA:186,2
DA:187,2
DA:188,2
DA:189,2
DA:190,2
DA:191,2
DA:192,2
DA:193,2
DA:194,2
DA:195,2
DA:196,2
DA:197,2
DA:198,14
DA:199,14
LH:173
LF:199
end_of_record
SF:implementations/src/backend/routes/auth.js
FN:6,requireSession
FN:14,anonymous_1
FN:69,anonymous_2
FN:129,anonymous_3
FN:130,anonymous_4
FN:137,anonymous_5
FNDA:2,requireSession
FNDA:7,anonymous_1
FNDA:8,anonymous_2
FNDA:1,anonymous_3
FNDA:1,anonymous_4
FNDA:1,anonymous_5
FNF:6
FNH:6
BRDA:1,0,0,17
BRDA:6,1,0,2
BRDA:7,2,0,1
BRDA:7,3,0,1
BRDA:14,4,0,7
BRDA:17,5,0,1
BRDA:17,6,0,1
BRDA:18,7,0,1
BRDA:18,8,0,1
BRDA:19,9,0,0
BRDA:20,10,0,1
BRDA:21,11,0,1
BRDA:21,12,0,1
BRDA:25,13,0,5
BRDA:31,14,0,5
BRDA:33,15,0,6
BRDA:33,16,0,6
BRDA:33,17,0,6
BRDA:33,18,0,6
BRDA:33,19,0,1
BRDA:35,20,0,6
BRDA:36,21,0,1
BRDA:38,22,0,5
BRDA:39,23,0,1
BRDA:41,24,0,4
BRDA:47,25,0,4
BRDA:48,26,0,2
BRDA:60,27,0,1
BRDA:69,28,0,8
BRDA:72,29,0,7
BRDA:72,30,0,1
BRDA:74,31,0,7
BRDA:77,32,0,6
BRDA:78,33,0,1
BRDA:80,34,0,5
BRDA:86,35,0,0
BRDA:88,36,0,5
BRDA:92,37,0,1
BRDA:94,38,0,4
BRDA:120,39,0,0
BRDA:122,40,0,1
BRDA:129,41,0,1
BRDA:130,42,0,1
BRDA:137,43,0,1
BRF:44
BRH:41
DA:1,17
DA:2,17
DA:3,17
DA:4,17
DA:5,17
DA:6,2
DA:7,2
DA:8,1
DA:9,1
DA:10,1
DA:11,2
DA:12,17
DA:13,17
DA:14,17
DA:15,7
DA:16,7
DA:17,7
DA:18,7
DA:19,7
DA:20,7
DA:21,7
DA:22,7
DA:23,7
DA:24,7
DA:25,7
DA:26,7
DA:27,7
DA:28,7
DA:29,7
DA:30,7
DA:31,7
DA:32,7
DA:33,7
DA:34,1
DA:35,1
DA:36,7
DA:37,1
DA:38,1
DA:39,7
DA:40,1
DA:41,1
DA:42,4
DA:43,4
DA:44,4
DA:45,4
DA:46,4
DA:47,7
DA:48,7
DA:49,2
DA:50,2
DA:51,2
DA:52,2
DA:53,2
DA:54,2
DA:55,2
DA:56,2
DA:57,2
DA:58,2
DA:59,2
DA:60,2
DA:61,1
DA:62,1
DA:63,1
DA:64,1
DA:65,1
DA:66,17
DA:67,17
DA:68,17
DA:69,17
DA:70,8
DA:71,8
DA:72,8
DA:73,1
DA:74,1
DA:75,7
DA:76,7
DA:77,7
DA:78,8
DA:79,1
DA:80,1
DA:81,5
DA:82,5
DA:83,5
DA:84,5
DA:85,8
DA:86,8
DA:87,0
DA:88,8
DA:89,5
DA:90,5
DA:91,5
DA:92,8
DA:93,1
DA:94,1
DA:95,4
DA:96,4
DA:97,4
DA:98,4
DA:99,4
DA:100,4
DA:101,4
DA:102,4
DA:103,4
DA:104,4
DA:105,4
DA:106,4
DA:107,4
DA:108,4
DA:109,4
DA:110,4
DA:111,4
DA:112,4
DA:113,4
DA:114,4
DA:115,4
DA:116,4
DA:117,4
DA:118,4
DA:119,4
DA:120,8
DA:121,8
DA:122,8
DA:123,1
DA:124,1
DA:125,1
DA:126,17
DA:127,17
DA:128,17
DA:129,17
DA:130,1
DA:131,1
DA:132,1
DA:133,1
DA:134,17
DA:135,17
DA:136,17
DA:137,17
DA:138,1
DA:139,17
DA:140,17
DA:141,17
LH:140
LF:141
end_of_record
SF:implementations/src/backend/routes/checkups.js
FN:15,destination
FN:16,filename
FN:21,ensureFollowupUserRoleColumn
FN:57,anonymous_3
FN:90,anonymous_4
FN:137,anonymous_5
FN:170,anonymous_6
FNDA:0,destination
FNDA:0,filename
FNDA:3,ensureFollowupUserRoleColumn
FNDA:1,anonymous_3
FNDA:1,anonymous_4
FNDA:1,anonymous_5
FNDA:1,anonymous_6
FNF:7
FNH:5
BRDA:1,0,0,3
BRDA:21,1,0,3
BRDA:22,2,0,0
BRDA:33,3,0,0
BRDA:49,4,0,0
BRDA:57,5,0,1
BRDA:61,6,0,0
BRDA:130,7,0,0
BRDA:90,8,0,1
BRDA:119,9,0,0
BRDA:122,10,0,0
BRDA:137,11,0,1
BRDA:149,12,0,0
BRDA:152,13,0,0
BRDA:152,14,0,0
BRDA:155,15,0,0
BRDA:160,16,0,0
BRDA:161,17,0,0
BRDA:170,18,0,1
BRDA:173,19,0,0
BRDA:181,20,0,0
BRDA:183,21,0,0
BRDA:191,22,0,0
BRDA:195,23,0,0
BRDA:202,24,0,0
BRF:25
BRH:6
DA:1,3
DA:2,3
DA:3,3
DA:4,3
DA:5,3
DA:6,3
DA:7,3
DA:8,3
DA:9,3
DA:10,3
DA:11,3
DA:12,3
DA:13,3
DA:14,3
DA:15,3
DA:16,3
DA:17,3
DA:18,3
DA:19,3
DA:20,3
DA:21,3
DA:22,3
DA:23,3
DA:24,3
DA:25,3
DA:26,3
DA:27,3
DA:28,3
DA:29,3
DA:30,3
DA:31,3
DA:32,3
DA:33,3
DA:34,0
DA:35,0
DA:36,0
DA:37,0
DA:38,0
DA:39,3
DA:40,3
DA:41,3
DA:42,3
DA:43,3
DA:44,3
DA:45,3
DA:46,3
DA:47,3
DA:48,3
DA:49,3
DA:50,0
DA:51,0
DA:52,3
DA:53,3
DA:54,3
DA:55,3
DA:56,3
DA:57,3
DA:58,1
DA:59,1
DA:60,1
DA:61,1
DA:62,1
DA:63,1
DA:64,1
DA:65,1
DA:66,1
DA:67,1
DA:68,1
DA:69,1
DA:70,1
DA:71,1
DA:72,1
DA:73,1
DA:74,1
DA:75,1
DA:76,1
DA:77,1
DA:78,1
DA:79,1
DA:80,1
DA:81,1
DA:82,1
DA:83,1
DA:84,1
DA:85,1
DA:86,1
DA:87,1
DA:88,1
DA:89,1
DA:90,1
DA:91,1
DA:92,1
DA:93,1
DA:94,1
DA:95,1
DA:96,1
DA:97,1
DA:98,1
DA:99,1
DA:100,1
DA:101,1
DA:102,1
DA:103,1
DA:104,1
DA:105,1
DA:106,1
DA:107,1
DA:108,1
DA:109,1
DA:110,1
DA:111,1
DA:112,1
DA:113,1
DA:114,1
DA:115,1
DA:116,1
DA:117,1
DA:118,1
DA:119,1
DA:120,1
DA:121,1
DA:122,1
DA:123,1
DA:124,1
DA:125,1
DA:126,1
DA:127,1
DA:128,1
DA:129,1
DA:130,1
DA:131,0
DA:132,0
DA:133,0
DA:134,3
DA:135,3
DA:136,3
DA:137,3
DA:138,1
DA:139,1
DA:140,1
DA:141,1
DA:142,1
DA:143,1
DA:144,1
DA:145,1
DA:146,1
DA:147,1
DA:148,1
DA:149,1
DA:150,0
DA:151,0
DA:152,1
DA:153,0
DA:154,0
DA:155,1
DA:156,1
DA:157,1
DA:158,1
DA:159,1
DA:160,1
DA:161,1
DA:162,0
DA:163,0
DA:164,0
DA:165,0
DA:166,0
DA:167,3
DA:168,3
DA:169,3
DA:170,3
DA:171,1
DA:172,1
DA:173,1
DA:174,0
DA:175,0
DA:176,1
DA:177,1
DA:178,1
DA:179,1
DA:180,1
DA:181,1
DA:182,0
DA:183,1
DA:184,0
DA:185,0
DA:186,0
DA:187,0
DA:188,0
DA:189,0
DA:190,0
DA:191,1
DA:192,0
DA:193,0
DA:194,0
DA:195,1
DA:196,1
DA:197,1
DA:198,1
DA:199,1
DA:200,1
DA:201,1
DA:202,1
DA:203,0
DA:204,0
DA:205,0
DA:206,0
DA:207,0
DA:208,0
DA:209,0
DA:210,0
DA:211,0
DA:212,0
DA:213,0
DA:214,0
DA:215,3
DA:216,3
DA:217,3
LH:173
LF:217
end_of_record
SF:implementations/src/backend/routes/dogs.js
FN:9,destination
FN:10,filename
FN:21,resolveImageUrl
FN:30,resolveDogName
FN:35,toApi
FN:36,toDB
FN:39,anonymous_6
FN:62,anonymous_7
FN:78,anonymous_8
FN:110,anonymous_9
FN:141,anonymous_10
FN:152,anonymous_11
FN:169,anonymous_12
FN:185,normalise
FNDA:0,destination
FNDA:0,filename
FNDA:5,resolveImageUrl
FNDA:3,resolveDogName
FNDA:3,toApi
FNDA:2,toDB
FNDA:3,anonymous_6
FNDA:3,anonymous_7
FNDA:3,anonymous_8
FNDA:3,anonymous_9
FNDA:2,anonymous_10
FNDA:4,anonymous_11
FNDA:5,anonymous_12
FNDA:3,normalise
FNF:14
FNH:12
BRDA:1,0,0,23
BRDA:21,1,0,5
BRDA:24,2,0,0
BRDA:25,3,0,0
BRDA:30,4,0,3
BRDA:31,5,0,1
BRDA:31,6,0,1
BRDA:35,7,0,3
BRDA:35,8,0,0
BRDA:36,9,0,2
BRDA:36,10,0,0
BRDA:39,11,0,3
BRDA:46,12,0,1
BRDA:47,13,0,1
BRDA:48,14,0,1
BRDA:49,15,0,1
BRDA:53,16,0,2
BRDA:55,17,0,1
BRDA:62,18,0,3
BRDA:68,19,0,2
BRDA:69,20,0,1
BRDA:78,21,0,3
BRDA:81,22,0,1
BRDA:81,23,0,2
BRDA:92,24,0,1
BRDA:92,25,0,1
BRDA:93,26,0,2
BRDA:94,27,0,2
BRDA:94,28,0,0
BRDA:95,29,0,2
BRDA:96,30,0,2
BRDA:97,31,0,2
BRDA:98,32,0,2
BRDA:101,33,0,1
BRDA:110,34,0,3
BRDA:116,35,0,2
BRDA:117,36,0,1
BRDA:117,37,0,0
BRDA:118,38,0,1
BRDA:119,39,0,1
BRDA:120,40,0,1
BRDA:121,41,0,1
BRDA:122,42,0,1
BRDA:123,43,0,1
BRDA:124,44,0,1
BRDA:128,45,0,0
BRDA:130,46,0,1
BRDA:130,47,0,2
BRDA:132,48,0,1
BRDA:141,49,0,2
BRDA:143,50,0,1
BRDA:152,51,0,4
BRDA:155,52,0,1
BRDA:155,53,0,3
BRDA:156,54,0,2
BRDA:157,55,0,0
BRDA:157,56,0,2
BRDA:159,57,0,1
BRDA:159,58,0,1
BRDA:160,59,0,2
BRDA:162,60,0,1
BRDA:169,61,0,5
BRDA:172,62,0,1
BRDA:172,63,0,4
BRDA:173,64,0,3
BRDA:174,65,0,1
BRDA:174,66,0,2
BRDA:176,67,0,1
BRDA:176,68,0,1
BRDA:177,69,0,2
BRDA:179,70,0,1
BRDA:185,71,0,3
BRDA:192,72,0,0
BRF:73
BRH:64
DA:1,23
DA:2,23
DA:3,23
DA:4,23
DA:5,23
DA:6,23
DA:7,23
DA:8,23
DA:9,23
DA:10,23
DA:11,23
DA:12,23
DA:13,23
DA:14,23
DA:15,23
DA:16,23
DA:17,23
DA:18,23
DA:19,23
DA:20,23
DA:21,5
DA:22,5
DA:23,5
DA:24,5
DA:25,5
DA:26,5
DA:27,5
DA:28,23
DA:29,23
DA:30,3
DA:31,3
DA:32,3
DA:33,23
DA:34,23
DA:35,23
DA:36,23
DA:37,23
DA:38,23
DA:39,23
DA:40,3
DA:41,3
DA:42,3
DA:43,3
DA:44,3
DA:45,3
DA:46,3
DA:47,3
DA:48,3
DA:49,3
DA:50,1
DA:51,3
DA:52,3
DA:53,3
DA:54,2
DA:55,3
DA:56,1
DA:57,1
DA:58,1
DA:59,23
DA:60,23
DA:61,23
DA:62,23
DA:63,3
DA:64,3
DA:65,3
DA:66,3
DA:67,3
DA:68,3
DA:69,3
DA:70,1
DA:71,1
DA:72,1
DA:73,1
DA:74,1
DA:75,23
DA:76,23
DA:77,23
DA:78,23
DA:79,3
DA:80,3
DA:81,3
DA:82,2
DA:83,2
DA:84,2
DA:85,2
DA:86,2
DA:87,2
DA:88,2
DA:89,2
DA:90,2
DA:91,2
DA:92,3
DA:93,3
DA:94,3
DA:95,3
DA:96,3
DA:97,3
DA:98,3
DA:99,3
DA:100,3
DA:101,3
DA:102,1
DA:103,1
DA:104,1
DA:105,1
DA:106,1
DA:107,23
DA:108,23
DA:109,23
DA:110,23
DA:111,3
DA:112,3
DA:113,3
DA:114,3
DA:115,3
DA:116,3
DA:117,3
DA:118,3
DA:119,3
DA:120,3
DA:121,3
DA:122,3
DA:123,3
DA:124,3
DA:125,3
DA:126,3
DA:127,3
DA:128,3
DA:129,3
DA:130,3
DA:131,2
DA:132,2
DA:133,1
DA:134,1
DA:135,1
DA:136,1
DA:137,1
DA:138,23
DA:139,23
DA:140,23
DA:141,23
DA:142,2
DA:143,2
DA:144,1
DA:145,1
DA:146,1
DA:147,1
DA:148,1
DA:149,23
DA:150,23
DA:151,23
DA:152,23
DA:153,4
DA:154,4
DA:155,4
DA:156,3
DA:157,4
DA:158,2
DA:159,4
DA:160,4
DA:161,2
DA:162,4
DA:163,1
DA:164,1
DA:165,1
DA:166,23
DA:167,23
DA:168,23
DA:169,23
DA:170,5
DA:171,5
DA:172,5
DA:173,4
DA:174,5
DA:175,2
DA:176,5
DA:177,5
DA:178,2
DA:179,5
DA:180,1
DA:181,1
DA:182,1
DA:183,23
DA:184,23
DA:185,3
DA:186,3
DA:187,3
DA:188,3
DA:189,3
DA:190,3
DA:191,3
DA:192,3
DA:193,3
DA:194,3
DA:195,3
DA:196,3
DA:197,3
DA:198,3
DA:199,3
DA:200,3
DA:201,3
DA:202,3
DA:203,23
DA:204,23
LH:204
LF:204
end_of_record
SF:implementations/src/backend/routes/favourites.js
FN:6,anonymous_0
FN:13,anonymous_1
FN:21,anonymous_2
FN:36,anonymous_3
FNDA:1,anonymous_0
FNDA:1,anonymous_1
FNDA:1,anonymous_2
FNDA:1,anonymous_3
FNF:4
FNH:4
BRDA:1,0,0,3
BRDA:6,1,0,1
BRDA:14,2,0,0
BRDA:13,3,0,1
BRDA:21,4,0,1
BRDA:29,5,0,0
BRDA:36,6,0,1
BRDA:44,7,0,0
BRF:8
BRH:5
DA:1,3
DA:2,3
DA:3,3
DA:4,3
DA:5,3
DA:6,3
DA:7,1
DA:8,1
DA:9,1
DA:10,1
DA:11,1
DA:12,1
DA:13,1
DA:14,1
DA:15,0
DA:16,0
DA:17,0
DA:18,3
DA:19,3
DA:20,3
DA:21,3
DA:22,1
DA:23,1
DA:24,1
DA:25,1
DA:26,1
DA:27,1
DA:28,1
DA:29,1
DA:30,0
DA:31,0
DA:32,0
DA:33,3
DA:34,3
DA:35,3
DA:36,3
DA:37,1
DA:38,1
DA:39,1
DA:40,1
DA:41,1
DA:42,1
DA:43,1
DA:44,1
DA:45,0
DA:46,0
DA:47,0
DA:48,3
DA:49,3
DA:50,3
LH:41
LF:50
end_of_record
SF:implementations/src/backend/routes/reports.js
FN:5,getSummaryData
FN:41,buildAiSummary
FN:76,anonymous_2
FN:87,anonymous_3
FN:103,anonymous_4
FNDA:2,getSummaryData
FNDA:1,buildAiSummary
FNDA:1,anonymous_2
FNDA:1,anonymous_3
FNDA:1,anonymous_4
FNF:5
FNH:5
BRDA:1,0,0,3
BRDA:5,1,0,2
BRDA:41,2,0,1
BRDA:42,3,0,0
BRDA:43,4,0,0
BRDA:44,5,0,0
BRDA:45,6,0,0
BRDA:49,7,0,0
BRDA:50,8,0,0
BRDA:51,9,0,0
BRDA:52,10,0,0
BRDA:53,11,0,0
BRDA:54,12,0,0
BRDA:55,13,0,0
BRDA:56,14,0,0
BRDA:60,15,0,0
BRDA:60,16,0,0
BRDA:66,17,0,0
BRDA:66,18,0,0
BRDA:68,19,0,0
BRDA:76,20,0,1
BRDA:80,21,0,0
BRDA:87,22,0,1
BRDA:96,23,0,0
BRDA:103,24,0,1
BRDA:136,25,0,0
BRF:26
BRH:6
DA:1,3
DA:2,3
DA:3,3
DA:4,3
DA:5,2
DA:6,2
DA:7,2
DA:8,2
DA:9,2
DA:10,2
DA:11,2
DA:12,2
DA:13,2
DA:14,2
DA:15,2
DA:16,2
DA:17,2
DA:18,2
DA:19,2
DA:20,2
DA:21,2
DA:22,2
DA:23,2
DA:24,2
DA:25,2
DA:26,2
DA:27,2
DA:28,2
DA:29,2
DA:30,2
DA:31,2
DA:32,2
DA:33,2
DA:34,2
DA:35,2
DA:36,2
DA:37,2
DA:38,2
DA:39,2
DA:40,3
DA:41,1
DA:42,1
DA:43,1
DA:44,1
DA:45,1
DA:46,1
DA:47,1
DA:48,1
DA:49,1
DA:50,1
DA:51,1
DA:52,1
DA:53,1
DA:54,1
DA:55,1
DA:56,1
DA:57,1
DA:58,1
DA:59,1
DA:60,1
DA:61,0
DA:62,1
DA:63,1
DA:64,1
DA:65,1
DA:66,1
DA:67,1
DA:68,1
DA:69,0
DA:70,0
DA:71,1
DA:72,1
DA:73,1
DA:74,3
DA:75,3
DA:76,3
DA:77,1
DA:78,1
DA:79,1
DA:80,1
DA:81,0
DA:82,0
DA:83,0
DA:84,3
DA:85,3
DA:86,3
DA:87,3
DA:88,1
DA:89,1
DA:90,1
DA:91,1
DA:92,1
DA:93,1
DA:94,1
DA:95,1
DA:96,1
DA:97,0
DA:98,0
DA:99,0
DA:100,3
DA:101,3
DA:102,3
DA:103,3
DA:104,1
DA:105,1
DA:106,1
DA:107,1
DA:108,1
DA:109,1
DA:110,1
DA:111,1
DA:112,1
DA:113,1
DA:114,1
DA:115,1
DA:116,1
DA:117,1
DA:118,1
DA:119,1
DA:120,1
DA:121,1
DA:122,1
DA:123,1
DA:124,1
DA:125,1
DA:126,1
DA:127,1
DA:128,1
DA:129,1
DA:130,1
DA:131,1
DA:132,1
DA:133,1
DA:134,1
DA:135,1
DA:136,1
DA:137,0
DA:138,0
DA:139,0
DA:140,3
DA:141,3
DA:142,3
LH:130
LF:142
end_of_record
SF:implementations/src/backend/routes/sponsors.js
FN:8,destination
FN:9,filename
FN:14,fileFilter
FN:20,mapSponsorRow
FN:35,anonymous_4
FN:55,anonymous_5
FN:79,router.post.donation_amount.donation_amount
FN:92,anonymous_7
FNDA:0,destination
FNDA:0,filename
FNDA:0,fileFilter
FNDA:1,mapSponsorRow
FNDA:1,anonymous_4
FNDA:1,anonymous_5
FNDA:0,router.post.donation_amount.donation_amount
FNDA:1,anonymous_7
FNF:8
FNH:4
BRDA:1,0,0,3
BRDA:20,1,0,1
BRDA:24,2,0,0
BRDA:25,3,0,0
BRDA:25,4,0,0
BRDA:26,5,0,0
BRDA:35,6,0,1
BRDA:48,7,0,0
BRDA:55,8,0,1
BRDA:71,9,0,0
BRDA:72,10,0,0
BRDA:92,11,0,1
BRDA:98,12,0,0
BRDA:100,13,0,0
BRDA:103,14,0,0
BRF:15
BRH:5
DA:1,3
DA:2,3
DA:3,3
DA:4,3
DA:5,3
DA:6,3
DA:7,3
DA:8,3
DA:9,3
DA:10,3
DA:11,3
DA:12,3
DA:13,3
DA:14,3
DA:15,0
DA:16,0
DA:17,3
DA:18,3
DA:19,3
DA:20,1
DA:21,1
DA:22,1
DA:23,1
DA:24,1
DA:25,1
DA:26,1
DA:27,1
DA:28,1
DA:29,1
DA:30,1
DA:31,1
DA:32,1
DA:33,3
DA:34,3
DA:35,3
DA:36,1
DA:37,1
DA:38,1
DA:39,1
DA:40,1
DA:41,1
DA:42,1
DA:43,1
DA:44,1
DA:45,1
DA:46,1
DA:47,1
DA:48,1
DA:49,0
DA:50,0
DA:51,0
DA:52,3
DA:53,3
DA:54,3
DA:55,3
DA:56,1
DA:57,1
DA:58,1
DA:59,1
DA:60,1
DA:61,1
DA:62,1
DA:63,1
DA:64,1
DA:65,1
DA:66,1
DA:67,1
DA:68,1
DA:69,1
DA:70,1
DA:71,1
DA:72,1
DA:73,0
DA:74,0
DA:75,0
DA:76,3
DA:77,3
DA:78,3
DA:79,3
DA:80,0
DA:81,0
DA:82,0
DA:83,0
DA:84,0
DA:85,0
DA:86,0
DA:87,0
DA:88,0
DA:89,0
DA:90,0
DA:91,0
DA:92,3
DA:93,1
DA:94,1
DA:95,1
DA:96,1
DA:97,1
DA:98,1
DA:99,0
DA:100,1
DA:101,1
DA:102,1
DA:103,1
DA:104,0
DA:105,0
DA:106,0
DA:107,0
DA:108,0
DA:109,0
DA:110,0
DA:111,0
DA:112,0
DA:113,0
DA:114,0
DA:115,0
DA:116,0
DA:117,0
DA:118,0
DA:119,0
DA:120,0
DA:121,0
DA:122,0
DA:123,0
DA:124,3
DA:125,3
DA:126,3
LH:85
LF:126
end_of_record
SF:implementations/src/backend/routes/verify.js
FN:11,anonymous_0
FN:27,anonymous_1
FN:44,anonymous_2
FN:60,anonymous_3
FNDA:1,anonymous_0
FNDA:1,anonymous_1
FNDA:1,anonymous_2
FNDA:1,anonymous_3
FNF:4
FNH:4
BRDA:1,0,0,4
BRDA:11,1,0,1
BRDA:14,2,0,0
BRDA:20,3,0,0
BRDA:27,4,0,1
BRDA:30,5,0,0
BRDA:37,6,0,0
BRDA:44,7,0,1
BRDA:47,8,0,0
BRDA:52,9,0,0
BRDA:53,10,0,0
BRDA:60,11,0,1
BRDA:63,12,0,0
BRDA:73,13,0,0
BRDA:104,14,0,0
BRDA:105,15,0,0
BRDA:110,16,0,0
BRDA:116,17,0,0
BRDA:121,18,0,0
BRF:19
BRH:5
DA:1,4
DA:2,4
DA:3,4
DA:4,4
DA:5,4
DA:6,4
DA:7,4
DA:8,4
DA:9,4
DA:10,4
DA:11,4
DA:12,1
DA:13,1
DA:14,1
DA:15,0
DA:16,0
DA:17,0
DA:18,0
DA:19,1
DA:20,1
DA:21,0
DA:22,0
DA:23,0
DA:24,4
DA:25,4
DA:26,4
DA:27,4
DA:28,1
DA:29,1
DA:30,1
DA:31,1
DA:32,1
DA:33,1
DA:34,1
DA:35,1
DA:36,1
DA:37,1
DA:38,0
DA:39,0
DA:40,0
DA:41,4
DA:42,4
DA:43,4
DA:44,4
DA:45,1
DA:46,1
DA:47,1
DA:48,1
DA:49,1
DA:50,1
DA:51,1
DA:52,1
DA:53,1
DA:54,0
DA:55,0
DA:56,0
DA:57,4
DA:58,4
DA:59,4
DA:60,4
DA:61,1
DA:62,1
DA:63,1
DA:64,1
DA:65,1
DA:66,1
DA:67,1
DA:68,1
DA:69,1
DA:70,1
DA:71,1
DA:72,1
DA:73,1
DA:74,1
DA:75,1
DA:76,1
DA:77,1
DA:78,1
DA:79,1
DA:80,1
DA:81,1
DA:82,1
DA:83,1
DA:84,1
DA:85,1
DA:86,1
DA:87,1
DA:88,1
DA:89,1
DA:90,1
DA:91,1
DA:92,1
DA:93,1
DA:94,1
DA:95,1
DA:96,1
DA:97,1
DA:98,1
DA:99,1
DA:100,1
DA:101,1
DA:102,1
DA:103,1
DA:104,1
DA:105,1
DA:106,1
DA:107,1
DA:108,1
DA:109,1
DA:110,1
DA:111,1
DA:112,1
DA:113,1
DA:114,1
DA:115,1
DA:116,1
DA:117,1
DA:118,1
DA:119,1
DA:120,1
DA:121,1
DA:122,0
DA:123,0
DA:124,0
DA:125,4
DA:126,4
DA:127,4
LH:111
LF:127
end_of_record
